{"/Users/anupamg/Desktop/Code/Talentica/assignment-2/bookreview-frontend/src/App.tsx": {"path":"/Users/anupamg/Desktop/Code/Talentica/assignment-2/bookreview-frontend/src/App.tsx","statementMap":{"0":{"start":{"line":27,"column":20},"end":{"line":35,"column":2}},"1":{"start":{"line":42,"column":54},"end":{"line":54,"column":1}},"2":{"start":{"line":43,"column":39},"end":{"line":43,"column":48}},"3":{"start":{"line":45,"column":2},"end":{"line":47,"column":3}},"4":{"start":{"line":46,"column":4},"end":{"line":46,"column":33}},"5":{"start":{"line":49,"column":2},"end":{"line":51,"column":3}},"6":{"start":{"line":50,"column":4},"end":{"line":50,"column":44}},"7":{"start":{"line":53,"column":2},"end":{"line":53,"column":25}},"8":{"start":{"line":57,"column":51},"end":{"line":69,"column":1}},"9":{"start":{"line":58,"column":39},"end":{"line":58,"column":48}},"10":{"start":{"line":60,"column":2},"end":{"line":62,"column":3}},"11":{"start":{"line":61,"column":4},"end":{"line":61,"column":33}},"12":{"start":{"line":64,"column":2},"end":{"line":66,"column":3}},"13":{"start":{"line":65,"column":4},"end":{"line":65,"column":39}},"14":{"start":{"line":68,"column":2},"end":{"line":68,"column":25}},"15":{"start":{"line":72,"column":28},"end":{"line":133,"column":1}},"16":{"start":{"line":73,"column":2},"end":{"line":132,"column":4}},"17":{"start":{"line":136,"column":22},"end":{"line":148,"column":1}},"18":{"start":{"line":137,"column":2},"end":{"line":147,"column":4}}},"fnMap":{"0":{"name":"(anonymous_0)","decl":{"start":{"line":42,"column":54},"end":{"line":42,"column":55}},"loc":{"start":{"line":42,"column":72},"end":{"line":54,"column":1}},"line":42},"1":{"name":"(anonymous_1)","decl":{"start":{"line":57,"column":51},"end":{"line":57,"column":52}},"loc":{"start":{"line":57,"column":69},"end":{"line":69,"column":1}},"line":57},"2":{"name":"(anonymous_2)","decl":{"start":{"line":72,"column":28},"end":{"line":72,"column":29}},"loc":{"start":{"line":72,"column":34},"end":{"line":133,"column":1}},"line":72},"3":{"name":"(anonymous_3)","decl":{"start":{"line":136,"column":22},"end":{"line":136,"column":23}},"loc":{"start":{"line":136,"column":28},"end":{"line":148,"column":1}},"line":136}},"branchMap":{"0":{"loc":{"start":{"line":45,"column":2},"end":{"line":47,"column":3}},"type":"if","locations":[{"start":{"line":45,"column":2},"end":{"line":47,"column":3}},{"start":{},"end":{}}],"line":45},"1":{"loc":{"start":{"line":49,"column":2},"end":{"line":51,"column":3}},"type":"if","locations":[{"start":{"line":49,"column":2},"end":{"line":51,"column":3}},{"start":{},"end":{}}],"line":49},"2":{"loc":{"start":{"line":60,"column":2},"end":{"line":62,"column":3}},"type":"if","locations":[{"start":{"line":60,"column":2},"end":{"line":62,"column":3}},{"start":{},"end":{}}],"line":60},"3":{"loc":{"start":{"line":64,"column":2},"end":{"line":66,"column":3}},"type":"if","locations":[{"start":{"line":64,"column":2},"end":{"line":66,"column":3}},{"start":{},"end":{}}],"line":64}},"s":{"0":0,"1":0,"2":0,"3":0,"4":0,"5":0,"6":0,"7":0,"8":0,"9":0,"10":0,"11":0,"12":0,"13":0,"14":0,"15":0,"16":0,"17":0,"18":0},"f":{"0":0,"1":0,"2":0,"3":0},"b":{"0":[0,0],"1":[0,0],"2":[0,0],"3":[0,0]}}
,"/Users/anupamg/Desktop/Code/Talentica/assignment-2/bookreview-frontend/src/main.tsx": {"path":"/Users/anupamg/Desktop/Code/Talentica/assignment-2/bookreview-frontend/src/main.tsx","statementMap":{"0":{"start":{"line":5,"column":0},"end":{"line":9,"column":1}}},"fnMap":{},"branchMap":{},"s":{"0":0},"f":{},"b":{}}
,"/Users/anupamg/Desktop/Code/Talentica/assignment-2/bookreview-frontend/src/components/FavoriteButton.tsx": {"path":"/Users/anupamg/Desktop/Code/Talentica/assignment-2/bookreview-frontend/src/components/FavoriteButton.tsx","statementMap":{"0":{"start":{"line":15,"column":54},"end":{"line":114,"column":1}},"1":{"start":{"line":21,"column":30},"end":{"line":21,"column":39}},"2":{"start":{"line":22,"column":22},"end":{"line":22,"column":38}},"3":{"start":{"line":28,"column":6},"end":{"line":32,"column":4}},"4":{"start":{"line":30,"column":19},"end":{"line":30,"column":57}},"5":{"start":{"line":35,"column":33},"end":{"line":41,"column":4}},"6":{"start":{"line":36,"column":22},"end":{"line":36,"column":55}},"7":{"start":{"line":38,"column":6},"end":{"line":38,"column":76}},"8":{"start":{"line":39,"column":6},"end":{"line":39,"column":69}},"9":{"start":{"line":44,"column":38},"end":{"line":50,"column":4}},"10":{"start":{"line":45,"column":22},"end":{"line":45,"column":60}},"11":{"start":{"line":47,"column":6},"end":{"line":47,"column":76}},"12":{"start":{"line":48,"column":6},"end":{"line":48,"column":69}},"13":{"start":{"line":52,"column":22},"end":{"line":52,"column":54}},"14":{"start":{"line":53,"column":20},"end":{"line":53,"column":112}},"15":{"start":{"line":55,"column":31},"end":{"line":67,"column":3}},"16":{"start":{"line":56,"column":4},"end":{"line":56,"column":24}},"17":{"start":{"line":58,"column":4},"end":{"line":60,"column":5}},"18":{"start":{"line":59,"column":6},"end":{"line":59,"column":13}},"19":{"start":{"line":62,"column":4},"end":{"line":66,"column":5}},"20":{"start":{"line":63,"column":6},"end":{"line":63,"column":43}},"21":{"start":{"line":65,"column":6},"end":{"line":65,"column":38}},"22":{"start":{"line":69,"column":2},"end":{"line":71,"column":3}},"23":{"start":{"line":70,"column":4},"end":{"line":70,"column":16}},"24":{"start":{"line":73,"column":2},"end":{"line":92,"column":3}},"25":{"start":{"line":74,"column":4},"end":{"line":91,"column":6}},"26":{"start":{"line":94,"column":2},"end":{"line":113,"column":4}}},"fnMap":{"0":{"name":"(anonymous_0)","decl":{"start":{"line":15,"column":54},"end":{"line":15,"column":55}},"loc":{"start":{"line":20,"column":6},"end":{"line":114,"column":1}},"line":20},"1":{"name":"(anonymous_1)","decl":{"start":{"line":30,"column":13},"end":{"line":30,"column":14}},"loc":{"start":{"line":30,"column":19},"end":{"line":30,"column":57}},"line":30},"2":{"name":"(anonymous_2)","decl":{"start":{"line":36,"column":16},"end":{"line":36,"column":17}},"loc":{"start":{"line":36,"column":22},"end":{"line":36,"column":55}},"line":36},"3":{"name":"(anonymous_3)","decl":{"start":{"line":37,"column":15},"end":{"line":37,"column":16}},"loc":{"start":{"line":37,"column":21},"end":{"line":40,"column":5}},"line":37},"4":{"name":"(anonymous_4)","decl":{"start":{"line":45,"column":16},"end":{"line":45,"column":17}},"loc":{"start":{"line":45,"column":22},"end":{"line":45,"column":60}},"line":45},"5":{"name":"(anonymous_5)","decl":{"start":{"line":46,"column":15},"end":{"line":46,"column":16}},"loc":{"start":{"line":46,"column":21},"end":{"line":49,"column":5}},"line":46},"6":{"name":"(anonymous_6)","decl":{"start":{"line":55,"column":31},"end":{"line":55,"column":32}},"loc":{"start":{"line":55,"column":56},"end":{"line":67,"column":3}},"line":55}},"branchMap":{"0":{"loc":{"start":{"line":17,"column":2},"end":{"line":17,"column":20}},"type":"default-arg","locations":[{"start":{"line":17,"column":12},"end":{"line":17,"column":20}}],"line":17},"1":{"loc":{"start":{"line":18,"column":2},"end":{"line":18,"column":16}},"type":"default-arg","locations":[{"start":{"line":18,"column":9},"end":{"line":18,"column":16}}],"line":18},"2":{"loc":{"start":{"line":19,"column":2},"end":{"line":19,"column":17}},"type":"default-arg","locations":[{"start":{"line":19,"column":13},"end":{"line":19,"column":17}}],"line":19},"3":{"loc":{"start":{"line":31,"column":13},"end":{"line":31,"column":40}},"type":"binary-expr","locations":[{"start":{"line":31,"column":13},"end":{"line":31,"column":21}},{"start":{"line":31,"column":25},"end":{"line":31,"column":40}}],"line":31},"4":{"loc":{"start":{"line":52,"column":22},"end":{"line":52,"column":54}},"type":"binary-expr","locations":[{"start":{"line":52,"column":22},"end":{"line":52,"column":45}},{"start":{"line":52,"column":49},"end":{"line":52,"column":54}}],"line":52},"5":{"loc":{"start":{"line":53,"column":20},"end":{"line":53,"column":112}},"type":"binary-expr","locations":[{"start":{"line":53,"column":20},"end":{"line":53,"column":35}},{"start":{"line":53,"column":39},"end":{"line":53,"column":71}},{"start":{"line":53,"column":75},"end":{"line":53,"column":112}}],"line":53},"6":{"loc":{"start":{"line":58,"column":4},"end":{"line":60,"column":5}},"type":"if","locations":[{"start":{"line":58,"column":4},"end":{"line":60,"column":5}},{"start":{},"end":{}}],"line":58},"7":{"loc":{"start":{"line":62,"column":4},"end":{"line":66,"column":5}},"type":"if","locations":[{"start":{"line":62,"column":4},"end":{"line":66,"column":5}},{"start":{"line":64,"column":11},"end":{"line":66,"column":5}}],"line":62},"8":{"loc":{"start":{"line":69,"column":2},"end":{"line":71,"column":3}},"type":"if","locations":[{"start":{"line":69,"column":2},"end":{"line":71,"column":3}},{"start":{},"end":{}}],"line":69},"9":{"loc":{"start":{"line":73,"column":2},"end":{"line":92,"column":3}},"type":"if","locations":[{"start":{"line":73,"column":2},"end":{"line":92,"column":3}},{"start":{},"end":{}}],"line":73},"10":{"loc":{"start":{"line":75,"column":22},"end":{"line":75,"column":80}},"type":"cond-expr","locations":[{"start":{"line":75,"column":36},"end":{"line":75,"column":59}},{"start":{"line":75,"column":62},"end":{"line":75,"column":80}}],"line":75},"11":{"loc":{"start":{"line":79,"column":17},"end":{"line":79,"column":50}},"type":"cond-expr","locations":[{"start":{"line":79,"column":31},"end":{"line":79,"column":38}},{"start":{"line":79,"column":41},"end":{"line":79,"column":50}}],"line":79},"12":{"loc":{"start":{"line":82,"column":11},"end":{"line":88,"column":11}},"type":"cond-expr","locations":[{"start":{"line":83,"column":12},"end":{"line":83,"column":66}},{"start":{"line":84,"column":14},"end":{"line":88,"column":11}}],"line":82},"13":{"loc":{"start":{"line":83,"column":36},"end":{"line":83,"column":62}},"type":"cond-expr","locations":[{"start":{"line":83,"column":55},"end":{"line":83,"column":57}},{"start":{"line":83,"column":60},"end":{"line":83,"column":62}}],"line":83},"14":{"loc":{"start":{"line":84,"column":14},"end":{"line":88,"column":11}},"type":"cond-expr","locations":[{"start":{"line":85,"column":12},"end":{"line":85,"column":24}},{"start":{"line":87,"column":12},"end":{"line":87,"column":30}}],"line":84},"15":{"loc":{"start":{"line":97,"column":13},"end":{"line":97,"column":46}},"type":"cond-expr","locations":[{"start":{"line":97,"column":27},"end":{"line":97,"column":34}},{"start":{"line":97,"column":37},"end":{"line":97,"column":46}}],"line":97},"16":{"loc":{"start":{"line":98,"column":15},"end":{"line":98,"column":53}},"type":"cond-expr","locations":[{"start":{"line":98,"column":29},"end":{"line":98,"column":40}},{"start":{"line":98,"column":43},"end":{"line":98,"column":53}}],"line":98},"17":{"loc":{"start":{"line":100,"column":8},"end":{"line":106,"column":9}},"type":"cond-expr","locations":[{"start":{"line":101,"column":10},"end":{"line":101,"column":40}},{"start":{"line":102,"column":12},"end":{"line":106,"column":9}}],"line":100},"18":{"loc":{"start":{"line":102,"column":12},"end":{"line":106,"column":9}},"type":"cond-expr","locations":[{"start":{"line":103,"column":10},"end":{"line":103,"column":22}},{"start":{"line":105,"column":10},"end":{"line":105,"column":28}}],"line":102},"19":{"loc":{"start":{"line":111,"column":7},"end":{"line":111,"column":79}},"type":"binary-expr","locations":[{"start":{"line":111,"column":7},"end":{"line":111,"column":15}},{"start":{"line":111,"column":20},"end":{"line":111,"column":78}}],"line":111},"20":{"loc":{"start":{"line":111,"column":20},"end":{"line":111,"column":78}},"type":"cond-expr","locations":[{"start":{"line":111,"column":34},"end":{"line":111,"column":57}},{"start":{"line":111,"column":60},"end":{"line":111,"column":78}}],"line":111}},"s":{"0":0,"1":0,"2":0,"3":0,"4":0,"5":0,"6":0,"7":0,"8":0,"9":0,"10":0,"11":0,"12":0,"13":0,"14":0,"15":0,"16":0,"17":0,"18":0,"19":0,"20":0,"21":0,"22":0,"23":0,"24":0,"25":0,"26":0},"f":{"0":0,"1":0,"2":0,"3":0,"4":0,"5":0,"6":0},"b":{"0":[0],"1":[0],"2":[0],"3":[0,0],"4":[0,0],"5":[0,0,0],"6":[0,0],"7":[0,0],"8":[0,0],"9":[0,0],"10":[0,0],"11":[0,0],"12":[0,0],"13":[0,0],"14":[0,0],"15":[0,0],"16":[0,0],"17":[0,0],"18":[0,0],"19":[0,0],"20":[0,0]}}
,"/Users/anupamg/Desktop/Code/Talentica/assignment-2/bookreview-frontend/src/components/RecommendationDashboard.tsx": {"path":"/Users/anupamg/Desktop/Code/Talentica/assignment-2/bookreview-frontend/src/components/RecommendationDashboard.tsx","statementMap":{"0":{"start":{"line":47,"column":62},"end":{"line":271,"column":1}},"1":{"start":{"line":52,"column":19},"end":{"line":52,"column":32}},"2":{"start":{"line":55,"column":2},"end":{"line":57,"column":3}},"3":{"start":{"line":56,"column":4},"end":{"line":56,"column":16}},"4":{"start":{"line":59,"column":50},"end":{"line":59,"column":64}},"5":{"start":{"line":61,"column":22},"end":{"line":76,"column":3}},"6":{"start":{"line":62,"column":4},"end":{"line":75,"column":5}},"7":{"start":{"line":64,"column":8},"end":{"line":64,"column":48}},"8":{"start":{"line":66,"column":8},"end":{"line":66,"column":47}},"9":{"start":{"line":68,"column":8},"end":{"line":68,"column":41}},"10":{"start":{"line":70,"column":8},"end":{"line":70,"column":53}},"11":{"start":{"line":72,"column":8},"end":{"line":72,"column":45}},"12":{"start":{"line":74,"column":8},"end":{"line":74,"column":48}},"13":{"start":{"line":78,"column":23},"end":{"line":93,"column":3}},"14":{"start":{"line":79,"column":4},"end":{"line":92,"column":5}},"15":{"start":{"line":81,"column":8},"end":{"line":81,"column":25}},"16":{"start":{"line":83,"column":8},"end":{"line":83,"column":27}},"17":{"start":{"line":85,"column":8},"end":{"line":85,"column":25}},"18":{"start":{"line":87,"column":8},"end":{"line":87,"column":23}},"19":{"start":{"line":89,"column":8},"end":{"line":89,"column":25}},"20":{"start":{"line":91,"column":8},"end":{"line":91,"column":25}},"21":{"start":{"line":95,"column":25},"end":{"line":97,"column":3}},"22":{"start":{"line":96,"column":4},"end":{"line":96,"column":34}},"23":{"start":{"line":99,"column":21},"end":{"line":101,"column":3}},"24":{"start":{"line":100,"column":4},"end":{"line":100,"column":32}},"25":{"start":{"line":103,"column":24},"end":{"line":105,"column":3}},"26":{"start":{"line":104,"column":4},"end":{"line":104,"column":35}},"27":{"start":{"line":107,"column":2},"end":{"line":270,"column":4}},"28":{"start":{"line":204,"column":14},"end":{"line":210,"column":16}},"29":{"start":{"line":278,"column":72},"end":{"line":544,"column":1}},"30":{"start":{"line":282,"column":30},"end":{"line":282,"column":39}},"31":{"start":{"line":283,"column":38},"end":{"line":283,"column":49}},"32":{"start":{"line":284,"column":46},"end":{"line":284,"column":75}},"33":{"start":{"line":285,"column":34},"end":{"line":285,"column":45}},"34":{"start":{"line":288,"column":2},"end":{"line":292,"column":40}},"35":{"start":{"line":289,"column":4},"end":{"line":291,"column":5}},"36":{"start":{"line":290,"column":6},"end":{"line":290,"column":30}},"37":{"start":{"line":300,"column":6},"end":{"line":307,"column":4}},"38":{"start":{"line":302,"column":19},"end":{"line":302,"column":55}},"39":{"start":{"line":315,"column":6},"end":{"line":322,"column":4}},"40":{"start":{"line":317,"column":19},"end":{"line":317,"column":57}},"41":{"start":{"line":325,"column":2},"end":{"line":333,"column":45}},"42":{"start":{"line":326,"column":4},"end":{"line":332,"column":5}},"43":{"start":{"line":327,"column":6},"end":{"line":327,"column":49}},"44":{"start":{"line":328,"column":6},"end":{"line":328,"column":76}},"45":{"start":{"line":329,"column":11},"end":{"line":332,"column":5}},"46":{"start":{"line":331,"column":6},"end":{"line":331,"column":30}},"47":{"start":{"line":336,"column":27},"end":{"line":342,"column":4}},"48":{"start":{"line":338,"column":6},"end":{"line":338,"column":77}},"49":{"start":{"line":344,"column":26},"end":{"line":347,"column":3}},"50":{"start":{"line":345,"column":4},"end":{"line":345,"column":26}},"51":{"start":{"line":346,"column":4},"end":{"line":346,"column":28}},"52":{"start":{"line":349,"column":24},"end":{"line":357,"column":3}},"53":{"start":{"line":350,"column":4},"end":{"line":350,"column":28}},"54":{"start":{"line":351,"column":4},"end":{"line":351,"column":36}},"55":{"start":{"line":351,"column":26},"end":{"line":351,"column":34}},"56":{"start":{"line":352,"column":4},"end":{"line":356,"column":5}},"57":{"start":{"line":353,"column":6},"end":{"line":353,"column":16}},"58":{"start":{"line":355,"column":6},"end":{"line":355,"column":18}},"59":{"start":{"line":359,"column":25},"end":{"line":365,"column":3}},"60":{"start":{"line":360,"column":4},"end":{"line":364,"column":5}},"61":{"start":{"line":361,"column":6},"end":{"line":361,"column":66}},"62":{"start":{"line":363,"column":6},"end":{"line":363,"column":57}},"63":{"start":{"line":368,"column":2},"end":{"line":386,"column":3}},"64":{"start":{"line":369,"column":4},"end":{"line":385,"column":6}},"65":{"start":{"line":388,"column":2},"end":{"line":402,"column":3}},"66":{"start":{"line":389,"column":4},"end":{"line":401,"column":6}},"67":{"start":{"line":405,"column":36},"end":{"line":411,"column":3}},"68":{"start":{"line":406,"column":4},"end":{"line":410,"column":5}},"69":{"start":{"line":407,"column":6},"end":{"line":407,"column":55}},"70":{"start":{"line":409,"column":6},"end":{"line":409,"column":57}},"71":{"start":{"line":413,"column":28},"end":{"line":415,"column":3}},"72":{"start":{"line":414,"column":4},"end":{"line":414,"column":52}},"73":{"start":{"line":417,"column":26},"end":{"line":419,"column":3}},"74":{"start":{"line":418,"column":4},"end":{"line":418,"column":44}},"75":{"start":{"line":421,"column":33},"end":{"line":421,"column":60}},"76":{"start":{"line":422,"column":25},"end":{"line":422,"column":44}},"77":{"start":{"line":423,"column":23},"end":{"line":423,"column":40}},"78":{"start":{"line":425,"column":2},"end":{"line":543,"column":4}},"79":{"start":{"line":497,"column":14},"end":{"line":506,"column":20}},"80":{"start":{"line":531,"column":10},"end":{"line":537,"column":20}}},"fnMap":{"0":{"name":"(anonymous_0)","decl":{"start":{"line":47,"column":62},"end":{"line":47,"column":63}},"loc":{"start":{"line":51,"column":6},"end":{"line":271,"column":1}},"line":51},"1":{"name":"(anonymous_1)","decl":{"start":{"line":61,"column":22},"end":{"line":61,"column":23}},"loc":{"start":{"line":61,"column":40},"end":{"line":76,"column":3}},"line":61},"2":{"name":"(anonymous_2)","decl":{"start":{"line":78,"column":23},"end":{"line":78,"column":24}},"loc":{"start":{"line":78,"column":41},"end":{"line":93,"column":3}},"line":78},"3":{"name":"(anonymous_3)","decl":{"start":{"line":95,"column":25},"end":{"line":95,"column":26}},"loc":{"start":{"line":95,"column":31},"end":{"line":97,"column":3}},"line":95},"4":{"name":"(anonymous_4)","decl":{"start":{"line":99,"column":21},"end":{"line":99,"column":22}},"loc":{"start":{"line":99,"column":27},"end":{"line":101,"column":3}},"line":99},"5":{"name":"(anonymous_5)","decl":{"start":{"line":103,"column":24},"end":{"line":103,"column":25}},"loc":{"start":{"line":103,"column":30},"end":{"line":105,"column":3}},"line":103},"6":{"name":"(anonymous_6)","decl":{"start":{"line":203,"column":52},"end":{"line":203,"column":53}},"loc":{"start":{"line":204,"column":14},"end":{"line":210,"column":16}},"line":204},"7":{"name":"(anonymous_7)","decl":{"start":{"line":278,"column":72},"end":{"line":278,"column":73}},"loc":{"start":{"line":281,"column":6},"end":{"line":544,"column":1}},"line":281},"8":{"name":"(anonymous_8)","decl":{"start":{"line":288,"column":12},"end":{"line":288,"column":13}},"loc":{"start":{"line":288,"column":18},"end":{"line":292,"column":3}},"line":288},"9":{"name":"(anonymous_9)","decl":{"start":{"line":302,"column":13},"end":{"line":302,"column":14}},"loc":{"start":{"line":302,"column":19},"end":{"line":302,"column":55}},"line":302},"10":{"name":"(anonymous_10)","decl":{"start":{"line":317,"column":13},"end":{"line":317,"column":14}},"loc":{"start":{"line":317,"column":19},"end":{"line":317,"column":57}},"line":317},"11":{"name":"(anonymous_11)","decl":{"start":{"line":325,"column":12},"end":{"line":325,"column":13}},"loc":{"start":{"line":325,"column":18},"end":{"line":333,"column":3}},"line":325},"12":{"name":"(anonymous_12)","decl":{"start":{"line":337,"column":16},"end":{"line":337,"column":17}},"loc":{"start":{"line":338,"column":6},"end":{"line":338,"column":77}},"line":338},"13":{"name":"(anonymous_13)","decl":{"start":{"line":339,"column":15},"end":{"line":339,"column":16}},"loc":{"start":{"line":339,"column":21},"end":{"line":341,"column":5}},"line":339},"14":{"name":"(anonymous_14)","decl":{"start":{"line":344,"column":26},"end":{"line":344,"column":27}},"loc":{"start":{"line":344,"column":78},"end":{"line":347,"column":3}},"line":344},"15":{"name":"(anonymous_15)","decl":{"start":{"line":349,"column":24},"end":{"line":349,"column":25}},"loc":{"start":{"line":349,"column":30},"end":{"line":357,"column":3}},"line":349},"16":{"name":"(anonymous_16)","decl":{"start":{"line":351,"column":18},"end":{"line":351,"column":19}},"loc":{"start":{"line":351,"column":26},"end":{"line":351,"column":34}},"line":351},"17":{"name":"(anonymous_17)","decl":{"start":{"line":359,"column":25},"end":{"line":359,"column":26}},"loc":{"start":{"line":359,"column":89},"end":{"line":365,"column":3}},"line":359},"18":{"name":"(anonymous_18)","decl":{"start":{"line":405,"column":36},"end":{"line":405,"column":37}},"loc":{"start":{"line":405,"column":42},"end":{"line":411,"column":3}},"line":405},"19":{"name":"(anonymous_19)","decl":{"start":{"line":413,"column":28},"end":{"line":413,"column":29}},"loc":{"start":{"line":413,"column":34},"end":{"line":415,"column":3}},"line":413},"20":{"name":"(anonymous_20)","decl":{"start":{"line":417,"column":26},"end":{"line":417,"column":27}},"loc":{"start":{"line":417,"column":32},"end":{"line":419,"column":3}},"line":417},"21":{"name":"(anonymous_21)","decl":{"start":{"line":496,"column":47},"end":{"line":496,"column":48}},"loc":{"start":{"line":497,"column":14},"end":{"line":506,"column":20}},"line":497},"22":{"name":"(anonymous_22)","decl":{"start":{"line":530,"column":36},"end":{"line":530,"column":37}},"loc":{"start":{"line":531,"column":10},"end":{"line":537,"column":20}},"line":531}},"branchMap":{"0":{"loc":{"start":{"line":55,"column":2},"end":{"line":57,"column":3}},"type":"if","locations":[{"start":{"line":55,"column":2},"end":{"line":57,"column":3}},{"start":{},"end":{}}],"line":55},"1":{"loc":{"start":{"line":55,"column":6},"end":{"line":55,"column":45}},"type":"binary-expr","locations":[{"start":{"line":55,"column":6},"end":{"line":55,"column":21}},{"start":{"line":55,"column":25},"end":{"line":55,"column":45}}],"line":55},"2":{"loc":{"start":{"line":62,"column":4},"end":{"line":75,"column":5}},"type":"switch","locations":[{"start":{"line":63,"column":6},"end":{"line":64,"column":48}},{"start":{"line":65,"column":6},"end":{"line":66,"column":47}},{"start":{"line":67,"column":6},"end":{"line":68,"column":41}},{"start":{"line":69,"column":6},"end":{"line":70,"column":53}},{"start":{"line":71,"column":6},"end":{"line":72,"column":45}},{"start":{"line":73,"column":6},"end":{"line":74,"column":48}}],"line":62},"3":{"loc":{"start":{"line":79,"column":4},"end":{"line":92,"column":5}},"type":"switch","locations":[{"start":{"line":80,"column":6},"end":{"line":81,"column":25}},{"start":{"line":82,"column":6},"end":{"line":83,"column":27}},{"start":{"line":84,"column":6},"end":{"line":85,"column":25}},{"start":{"line":86,"column":6},"end":{"line":87,"column":23}},{"start":{"line":88,"column":6},"end":{"line":89,"column":25}},{"start":{"line":90,"column":6},"end":{"line":91,"column":25}}],"line":79},"4":{"loc":{"start":{"line":154,"column":9},"end":{"line":174,"column":9}},"type":"cond-expr","locations":[{"start":{"line":155,"column":10},"end":{"line":163,"column":12}},{"start":{"line":165,"column":10},"end":{"line":173,"column":16}}],"line":154},"5":{"loc":{"start":{"line":201,"column":9},"end":{"line":213,"column":9}},"type":"binary-expr","locations":[{"start":{"line":201,"column":9},"end":{"line":201,"column":20}},{"start":{"line":202,"column":10},"end":{"line":212,"column":16}}],"line":201},"6":{"loc":{"start":{"line":279,"column":2},"end":{"line":279,"column":11}},"type":"default-arg","locations":[{"start":{"line":279,"column":10},"end":{"line":279,"column":11}}],"line":279},"7":{"loc":{"start":{"line":280,"column":2},"end":{"line":280,"column":19}},"type":"default-arg","locations":[{"start":{"line":280,"column":15},"end":{"line":280,"column":19}}],"line":280},"8":{"loc":{"start":{"line":289,"column":4},"end":{"line":291,"column":5}},"type":"if","locations":[{"start":{"line":289,"column":4},"end":{"line":291,"column":5}},{"start":{},"end":{}}],"line":289},"9":{"loc":{"start":{"line":289,"column":8},"end":{"line":289,"column":41}},"type":"binary-expr","locations":[{"start":{"line":289,"column":8},"end":{"line":289,"column":23}},{"start":{"line":289,"column":27},"end":{"line":289,"column":41}}],"line":289},"10":{"loc":{"start":{"line":318,"column":13},"end":{"line":318,"column":46}},"type":"binary-expr","locations":[{"start":{"line":318,"column":13},"end":{"line":318,"column":28}},{"start":{"line":318,"column":32},"end":{"line":318,"column":46}}],"line":318},"11":{"loc":{"start":{"line":326,"column":4},"end":{"line":332,"column":5}},"type":"if","locations":[{"start":{"line":326,"column":4},"end":{"line":332,"column":5}},{"start":{"line":329,"column":11},"end":{"line":332,"column":5}}],"line":326},"12":{"loc":{"start":{"line":326,"column":8},"end":{"line":326,"column":27}},"type":"binary-expr","locations":[{"start":{"line":326,"column":8},"end":{"line":326,"column":13}},{"start":{"line":326,"column":17},"end":{"line":326,"column":27}}],"line":326},"13":{"loc":{"start":{"line":329,"column":11},"end":{"line":332,"column":5}},"type":"if","locations":[{"start":{"line":329,"column":11},"end":{"line":332,"column":5}},{"start":{},"end":{}}],"line":329},"14":{"loc":{"start":{"line":329,"column":15},"end":{"line":329,"column":43}},"type":"binary-expr","locations":[{"start":{"line":329,"column":15},"end":{"line":329,"column":21}},{"start":{"line":329,"column":25},"end":{"line":329,"column":43}}],"line":329},"15":{"loc":{"start":{"line":352,"column":4},"end":{"line":356,"column":5}},"type":"if","locations":[{"start":{"line":352,"column":4},"end":{"line":356,"column":5}},{"start":{"line":354,"column":11},"end":{"line":356,"column":5}}],"line":352},"16":{"loc":{"start":{"line":368,"column":2},"end":{"line":386,"column":3}},"type":"if","locations":[{"start":{"line":368,"column":2},"end":{"line":386,"column":3}},{"start":{},"end":{}}],"line":368},"17":{"loc":{"start":{"line":371,"column":9},"end":{"line":376,"column":9}},"type":"binary-expr","locations":[{"start":{"line":371,"column":9},"end":{"line":371,"column":19}},{"start":{"line":372,"column":10},"end":{"line":375,"column":16}}],"line":371},"18":{"loc":{"start":{"line":388,"column":2},"end":{"line":402,"column":3}},"type":"if","locations":[{"start":{"line":388,"column":2},"end":{"line":402,"column":3}},{"start":{},"end":{}}],"line":388},"19":{"loc":{"start":{"line":391,"column":9},"end":{"line":396,"column":9}},"type":"binary-expr","locations":[{"start":{"line":391,"column":9},"end":{"line":391,"column":19}},{"start":{"line":392,"column":10},"end":{"line":395,"column":16}}],"line":391},"20":{"loc":{"start":{"line":406,"column":4},"end":{"line":410,"column":5}},"type":"if","locations":[{"start":{"line":406,"column":4},"end":{"line":410,"column":5}},{"start":{"line":408,"column":11},"end":{"line":410,"column":5}}],"line":406},"21":{"loc":{"start":{"line":407,"column":13},"end":{"line":407,"column":54}},"type":"binary-expr","locations":[{"start":{"line":407,"column":13},"end":{"line":407,"column":48}},{"start":{"line":407,"column":52},"end":{"line":407,"column":54}}],"line":407},"22":{"loc":{"start":{"line":409,"column":13},"end":{"line":409,"column":56}},"type":"binary-expr","locations":[{"start":{"line":409,"column":13},"end":{"line":409,"column":50}},{"start":{"line":409,"column":54},"end":{"line":409,"column":56}}],"line":409},"23":{"loc":{"start":{"line":414,"column":11},"end":{"line":414,"column":51}},"type":"cond-expr","locations":[{"start":{"line":414,"column":28},"end":{"line":414,"column":37}},{"start":{"line":414,"column":40},"end":{"line":414,"column":51}}],"line":414},"24":{"loc":{"start":{"line":418,"column":11},"end":{"line":418,"column":43}},"type":"cond-expr","locations":[{"start":{"line":418,"column":28},"end":{"line":418,"column":33}},{"start":{"line":418,"column":36},"end":{"line":418,"column":43}}],"line":418},"25":{"loc":{"start":{"line":427,"column":7},"end":{"line":481,"column":7}},"type":"binary-expr","locations":[{"start":{"line":427,"column":7},"end":{"line":427,"column":17}},{"start":{"line":428,"column":8},"end":{"line":480,"column":14}}],"line":427},"26":{"loc":{"start":{"line":485,"column":9},"end":{"line":492,"column":9}},"type":"binary-expr","locations":[{"start":{"line":485,"column":9},"end":{"line":485,"column":23}},{"start":{"line":485,"column":27},"end":{"line":485,"column":70}},{"start":{"line":486,"column":10},"end":{"line":491,"column":18}}],"line":485},"27":{"loc":{"start":{"line":494,"column":9},"end":{"line":540,"column":9}},"type":"cond-expr","locations":[{"start":{"line":495,"column":10},"end":{"line":508,"column":16}},{"start":{"line":509,"column":12},"end":{"line":540,"column":9}}],"line":494},"28":{"loc":{"start":{"line":509,"column":12},"end":{"line":540,"column":9}},"type":"cond-expr","locations":[{"start":{"line":510,"column":10},"end":{"line":516,"column":18}},{"start":{"line":517,"column":12},"end":{"line":540,"column":9}}],"line":509},"29":{"loc":{"start":{"line":515,"column":28},"end":{"line":515,"column":66}},"type":"cond-expr","locations":[{"start":{"line":515,"column":45},"end":{"line":515,"column":59}},{"start":{"line":515,"column":62},"end":{"line":515,"column":66}}],"line":515},"30":{"loc":{"start":{"line":517,"column":12},"end":{"line":540,"column":9}},"type":"cond-expr","locations":[{"start":{"line":518,"column":10},"end":{"line":527,"column":18}},{"start":{"line":529,"column":16},"end":{"line":539,"column":16}}],"line":517},"31":{"loc":{"start":{"line":523,"column":13},"end":{"line":525,"column":125}},"type":"cond-expr","locations":[{"start":{"line":524,"column":16},"end":{"line":524,"column":143}},{"start":{"line":525,"column":16},"end":{"line":525,"column":125}}],"line":523},"32":{"loc":{"start":{"line":531,"column":20},"end":{"line":531,"column":60}},"type":"binary-expr","locations":[{"start":{"line":531,"column":20},"end":{"line":531,"column":43}},{"start":{"line":531,"column":47},"end":{"line":531,"column":60}}],"line":531}},"s":{"0":0,"1":0,"2":0,"3":0,"4":0,"5":0,"6":0,"7":0,"8":0,"9":0,"10":0,"11":0,"12":0,"13":0,"14":0,"15":0,"16":0,"17":0,"18":0,"19":0,"20":0,"21":0,"22":0,"23":0,"24":0,"25":0,"26":0,"27":0,"28":0,"29":0,"30":0,"31":0,"32":0,"33":0,"34":0,"35":0,"36":0,"37":0,"38":0,"39":0,"40":0,"41":0,"42":0,"43":0,"44":0,"45":0,"46":0,"47":0,"48":0,"49":0,"50":0,"51":0,"52":0,"53":0,"54":0,"55":0,"56":0,"57":0,"58":0,"59":0,"60":0,"61":0,"62":0,"63":0,"64":0,"65":0,"66":0,"67":0,"68":0,"69":0,"70":0,"71":0,"72":0,"73":0,"74":0,"75":0,"76":0,"77":0,"78":0,"79":0,"80":0},"f":{"0":0,"1":0,"2":0,"3":0,"4":0,"5":0,"6":0,"7":0,"8":0,"9":0,"10":0,"11":0,"12":0,"13":0,"14":0,"15":0,"16":0,"17":0,"18":0,"19":0,"20":0,"21":0,"22":0},"b":{"0":[0,0],"1":[0,0],"2":[0,0,0,0,0,0],"3":[0,0,0,0,0,0],"4":[0,0],"5":[0,0],"6":[0],"7":[0],"8":[0,0],"9":[0,0],"10":[0,0],"11":[0,0],"12":[0,0],"13":[0,0],"14":[0,0],"15":[0,0],"16":[0,0],"17":[0,0],"18":[0,0],"19":[0,0],"20":[0,0],"21":[0,0],"22":[0,0],"23":[0,0],"24":[0,0],"25":[0,0],"26":[0,0,0],"27":[0,0],"28":[0,0],"29":[0,0],"30":[0,0],"31":[0,0],"32":[0,0]}}
,"/Users/anupamg/Desktop/Code/Talentica/assignment-2/bookreview-frontend/src/components/Layout/Header.tsx": {"path":"/Users/anupamg/Desktop/Code/Talentica/assignment-2/bookreview-frontend/src/components/Layout/Header.tsx","statementMap":{"0":{"start":{"line":33,"column":15},"end":{"line":46,"column":3}},"1":{"start":{"line":33,"column":45},"end":{"line":46,"column":1}},"2":{"start":{"line":48,"column":26},"end":{"line":56,"column":3}},"3":{"start":{"line":48,"column":56},"end":{"line":56,"column":1}},"4":{"start":{"line":58,"column":24},"end":{"line":72,"column":3}},"5":{"start":{"line":58,"column":58},"end":{"line":72,"column":1}},"6":{"start":{"line":74,"column":25},"end":{"line":319,"column":1}},"7":{"start":{"line":76,"column":19},"end":{"line":76,"column":32}},"8":{"start":{"line":77,"column":44},"end":{"line":77,"column":53}},"9":{"start":{"line":78,"column":34},"end":{"line":78,"column":68}},"10":{"start":{"line":79,"column":40},"end":{"line":79,"column":52}},"11":{"start":{"line":80,"column":50},"end":{"line":80,"column":84}},"12":{"start":{"line":82,"column":32},"end":{"line":84,"column":3}},"13":{"start":{"line":83,"column":4},"end":{"line":83,"column":37}},"14":{"start":{"line":86,"column":33},"end":{"line":88,"column":3}},"15":{"start":{"line":87,"column":4},"end":{"line":87,"column":22}},"16":{"start":{"line":90,"column":31},"end":{"line":92,"column":3}},"17":{"start":{"line":91,"column":4},"end":{"line":91,"column":45}},"18":{"start":{"line":94,"column":32},"end":{"line":96,"column":3}},"19":{"start":{"line":95,"column":4},"end":{"line":95,"column":30}},"20":{"start":{"line":98,"column":23},"end":{"line":106,"column":3}},"21":{"start":{"line":99,"column":4},"end":{"line":99,"column":29}},"22":{"start":{"line":100,"column":4},"end":{"line":105,"column":5}},"23":{"start":{"line":101,"column":6},"end":{"line":101,"column":21}},"24":{"start":{"line":102,"column":6},"end":{"line":102,"column":20}},"25":{"start":{"line":104,"column":6},"end":{"line":104,"column":44}},"26":{"start":{"line":108,"column":23},"end":{"line":113,"column":3}},"27":{"start":{"line":109,"column":4},"end":{"line":109,"column":27}},"28":{"start":{"line":110,"column":4},"end":{"line":112,"column":5}},"29":{"start":{"line":111,"column":6},"end":{"line":111,"column":70}},"30":{"start":{"line":115,"column":29},"end":{"line":117,"column":3}},"31":{"start":{"line":116,"column":4},"end":{"line":116,"column":39}},"32":{"start":{"line":119,"column":2},"end":{"line":318,"column":4}},"33":{"start":{"line":274,"column":35},"end":{"line":274,"column":60}},"34":{"start":{"line":274,"column":61},"end":{"line":274,"column":82}},"35":{"start":{"line":278,"column":35},"end":{"line":278,"column":60}},"36":{"start":{"line":278,"column":61},"end":{"line":278,"column":85}},"37":{"start":{"line":282,"column":35},"end":{"line":282,"column":60}},"38":{"start":{"line":282,"column":61},"end":{"line":282,"column":84}},"39":{"start":{"line":307,"column":35},"end":{"line":307,"column":59}},"40":{"start":{"line":307,"column":60},"end":{"line":307,"column":79}},"41":{"start":{"line":310,"column":35},"end":{"line":310,"column":59}},"42":{"start":{"line":310,"column":60},"end":{"line":310,"column":83}},"43":{"start":{"line":313,"column":35},"end":{"line":313,"column":59}},"44":{"start":{"line":313,"column":60},"end":{"line":313,"column":81}}},"fnMap":{"0":{"name":"(anonymous_0)","decl":{"start":{"line":33,"column":29},"end":{"line":33,"column":30}},"loc":{"start":{"line":33,"column":45},"end":{"line":46,"column":1}},"line":33},"1":{"name":"(anonymous_1)","decl":{"start":{"line":48,"column":40},"end":{"line":48,"column":41}},"loc":{"start":{"line":48,"column":56},"end":{"line":56,"column":1}},"line":48},"2":{"name":"(anonymous_2)","decl":{"start":{"line":58,"column":42},"end":{"line":58,"column":43}},"loc":{"start":{"line":58,"column":58},"end":{"line":72,"column":1}},"line":58},"3":{"name":"(anonymous_3)","decl":{"start":{"line":74,"column":25},"end":{"line":74,"column":26}},"loc":{"start":{"line":74,"column":31},"end":{"line":319,"column":1}},"line":74},"4":{"name":"(anonymous_4)","decl":{"start":{"line":82,"column":32},"end":{"line":82,"column":33}},"loc":{"start":{"line":82,"column":74},"end":{"line":84,"column":3}},"line":82},"5":{"name":"(anonymous_5)","decl":{"start":{"line":86,"column":33},"end":{"line":86,"column":34}},"loc":{"start":{"line":86,"column":39},"end":{"line":88,"column":3}},"line":86},"6":{"name":"(anonymous_6)","decl":{"start":{"line":90,"column":31},"end":{"line":90,"column":32}},"loc":{"start":{"line":90,"column":73},"end":{"line":92,"column":3}},"line":90},"7":{"name":"(anonymous_7)","decl":{"start":{"line":94,"column":32},"end":{"line":94,"column":33}},"loc":{"start":{"line":94,"column":38},"end":{"line":96,"column":3}},"line":94},"8":{"name":"(anonymous_8)","decl":{"start":{"line":98,"column":23},"end":{"line":98,"column":24}},"loc":{"start":{"line":98,"column":35},"end":{"line":106,"column":3}},"line":98},"9":{"name":"(anonymous_9)","decl":{"start":{"line":108,"column":23},"end":{"line":108,"column":24}},"loc":{"start":{"line":108,"column":51},"end":{"line":113,"column":3}},"line":108},"10":{"name":"(anonymous_10)","decl":{"start":{"line":115,"column":29},"end":{"line":115,"column":30}},"loc":{"start":{"line":115,"column":77},"end":{"line":117,"column":3}},"line":115},"11":{"name":"(anonymous_11)","decl":{"start":{"line":274,"column":27},"end":{"line":274,"column":28}},"loc":{"start":{"line":274,"column":33},"end":{"line":274,"column":84}},"line":274},"12":{"name":"(anonymous_12)","decl":{"start":{"line":278,"column":27},"end":{"line":278,"column":28}},"loc":{"start":{"line":278,"column":33},"end":{"line":278,"column":87}},"line":278},"13":{"name":"(anonymous_13)","decl":{"start":{"line":282,"column":27},"end":{"line":282,"column":28}},"loc":{"start":{"line":282,"column":33},"end":{"line":282,"column":86}},"line":282},"14":{"name":"(anonymous_14)","decl":{"start":{"line":307,"column":27},"end":{"line":307,"column":28}},"loc":{"start":{"line":307,"column":33},"end":{"line":307,"column":81}},"line":307},"15":{"name":"(anonymous_15)","decl":{"start":{"line":310,"column":27},"end":{"line":310,"column":28}},"loc":{"start":{"line":310,"column":33},"end":{"line":310,"column":85}},"line":310},"16":{"name":"(anonymous_16)","decl":{"start":{"line":313,"column":27},"end":{"line":313,"column":28}},"loc":{"start":{"line":313,"column":33},"end":{"line":313,"column":83}},"line":313}},"branchMap":{"0":{"loc":{"start":{"line":110,"column":4},"end":{"line":112,"column":5}},"type":"if","locations":[{"start":{"line":110,"column":4},"end":{"line":112,"column":5}},{"start":{},"end":{}}],"line":110},"1":{"loc":{"start":{"line":195,"column":9},"end":{"line":246,"column":9}},"type":"cond-expr","locations":[{"start":{"line":196,"column":10},"end":{"line":226,"column":16}},{"start":{"line":228,"column":10},"end":{"line":245,"column":16}}],"line":195},"2":{"loc":{"start":{"line":204,"column":35},"end":{"line":204,"column":64}},"type":"binary-expr","locations":[{"start":{"line":204,"column":35},"end":{"line":204,"column":59}},{"start":{"line":204,"column":63},"end":{"line":204,"column":64}}],"line":204}},"s":{"0":0,"1":0,"2":0,"3":0,"4":0,"5":0,"6":0,"7":0,"8":0,"9":0,"10":0,"11":0,"12":0,"13":0,"14":0,"15":0,"16":0,"17":0,"18":0,"19":0,"20":0,"21":0,"22":0,"23":0,"24":0,"25":0,"26":0,"27":0,"28":0,"29":0,"30":0,"31":0,"32":0,"33":0,"34":0,"35":0,"36":0,"37":0,"38":0,"39":0,"40":0,"41":0,"42":0,"43":0,"44":0},"f":{"0":0,"1":0,"2":0,"3":0,"4":0,"5":0,"6":0,"7":0,"8":0,"9":0,"10":0,"11":0,"12":0,"13":0,"14":0,"15":0,"16":0},"b":{"0":[0,0],"1":[0,0],"2":[0,0]}}
,"/Users/anupamg/Desktop/Code/Talentica/assignment-2/bookreview-frontend/src/components/Layout/Layout.tsx": {"path":"/Users/anupamg/Desktop/Code/Talentica/assignment-2/bookreview-frontend/src/components/Layout/Layout.tsx","statementMap":{"0":{"start":{"line":14,"column":38},"end":{"line":151,"column":1}},"1":{"start":{"line":19,"column":2},"end":{"line":150,"column":4}}},"fnMap":{"0":{"name":"(anonymous_0)","decl":{"start":{"line":14,"column":38},"end":{"line":14,"column":39}},"loc":{"start":{"line":18,"column":6},"end":{"line":151,"column":1}},"line":18}},"branchMap":{"0":{"loc":{"start":{"line":16,"column":2},"end":{"line":16,"column":17}},"type":"default-arg","locations":[{"start":{"line":16,"column":13},"end":{"line":16,"column":17}}],"line":16},"1":{"loc":{"start":{"line":17,"column":2},"end":{"line":17,"column":24}},"type":"default-arg","locations":[{"start":{"line":17,"column":19},"end":{"line":17,"column":24}}],"line":17}},"s":{"0":0,"1":0},"f":{"0":0},"b":{"0":[0],"1":[0]}}
,"/Users/anupamg/Desktop/Code/Talentica/assignment-2/bookreview-frontend/src/contexts/AuthContext.tsx": {"path":"/Users/anupamg/Desktop/Code/Talentica/assignment-2/bookreview-frontend/src/contexts/AuthContext.tsx","statementMap":{"0":{"start":{"line":24,"column":32},"end":{"line":29,"column":1}},"1":{"start":{"line":32,"column":20},"end":{"line":73,"column":1}},"2":{"start":{"line":33,"column":2},"end":{"line":72,"column":3}},"3":{"start":{"line":35,"column":6},"end":{"line":38,"column":8}},"4":{"start":{"line":40,"column":6},"end":{"line":46,"column":8}},"5":{"start":{"line":48,"column":6},"end":{"line":54,"column":8}},"6":{"start":{"line":56,"column":6},"end":{"line":62,"column":8}},"7":{"start":{"line":64,"column":6},"end":{"line":69,"column":8}},"8":{"start":{"line":71,"column":6},"end":{"line":71,"column":19}},"9":{"start":{"line":76,"column":20},"end":{"line":76,"column":73}},"10":{"start":{"line":83,"column":57},"end":{"line":269,"column":1}},"11":{"start":{"line":84,"column":28},"end":{"line":84,"column":65}},"12":{"start":{"line":87,"column":2},"end":{"line":122,"column":9}},"13":{"start":{"line":88,"column":27},"end":{"line":119,"column":5}},"14":{"start":{"line":89,"column":20},"end":{"line":89,"column":49}},"15":{"start":{"line":90,"column":22},"end":{"line":90,"column":50}},"16":{"start":{"line":92,"column":6},"end":{"line":118,"column":7}},"17":{"start":{"line":93,"column":8},"end":{"line":115,"column":9}},"18":{"start":{"line":95,"column":29},"end":{"line":95,"column":61}},"19":{"start":{"line":96,"column":10},"end":{"line":108,"column":11}},"20":{"start":{"line":97,"column":31},"end":{"line":97,"column":50}},"21":{"start":{"line":98,"column":12},"end":{"line":98,"column":43}},"22":{"start":{"line":99,"column":12},"end":{"line":102,"column":15}},"23":{"start":{"line":105,"column":12},"end":{"line":105,"column":45}},"24":{"start":{"line":106,"column":12},"end":{"line":106,"column":44}},"25":{"start":{"line":107,"column":12},"end":{"line":107,"column":48}},"26":{"start":{"line":111,"column":10},"end":{"line":111,"column":72}},"27":{"start":{"line":112,"column":10},"end":{"line":112,"column":43}},"28":{"start":{"line":113,"column":10},"end":{"line":113,"column":42}},"29":{"start":{"line":114,"column":10},"end":{"line":114,"column":46}},"30":{"start":{"line":117,"column":8},"end":{"line":117,"column":58}},"31":{"start":{"line":121,"column":4},"end":{"line":121,"column":21}},"32":{"start":{"line":125,"column":16},"end":{"line":160,"column":3}},"33":{"start":{"line":126,"column":4},"end":{"line":126,"column":53}},"34":{"start":{"line":128,"column":4},"end":{"line":159,"column":5}},"35":{"start":{"line":129,"column":35},"end":{"line":129,"column":54}},"36":{"start":{"line":130,"column":23},"end":{"line":130,"column":56}},"37":{"start":{"line":133,"column":25},"end":{"line":142,"column":7}},"38":{"start":{"line":145,"column":6},"end":{"line":145,"column":52}},"39":{"start":{"line":146,"column":6},"end":{"line":146,"column":57}},"40":{"start":{"line":149,"column":6},"end":{"line":149,"column":46}},"41":{"start":{"line":152,"column":6},"end":{"line":155,"column":9}},"42":{"start":{"line":157,"column":6},"end":{"line":157,"column":42}},"43":{"start":{"line":158,"column":6},"end":{"line":158,"column":18}},"44":{"start":{"line":163,"column":19},"end":{"line":180,"column":3}},"45":{"start":{"line":164,"column":4},"end":{"line":164,"column":53}},"46":{"start":{"line":166,"column":4},"end":{"line":179,"column":5}},"47":{"start":{"line":167,"column":23},"end":{"line":167,"column":58}},"48":{"start":{"line":169,"column":6},"end":{"line":175,"column":7}},"49":{"start":{"line":171,"column":8},"end":{"line":171,"column":55}},"50":{"start":{"line":173,"column":8},"end":{"line":173,"column":44}},"51":{"start":{"line":174,"column":8},"end":{"line":174,"column":67}},"52":{"start":{"line":177,"column":6},"end":{"line":177,"column":42}},"53":{"start":{"line":178,"column":6},"end":{"line":178,"column":18}},"54":{"start":{"line":183,"column":17},"end":{"line":195,"column":3}},"55":{"start":{"line":184,"column":4},"end":{"line":194,"column":5}},"56":{"start":{"line":185,"column":6},"end":{"line":185,"column":32}},"57":{"start":{"line":187,"column":6},"end":{"line":187,"column":44}},"58":{"start":{"line":190,"column":6},"end":{"line":190,"column":39}},"59":{"start":{"line":191,"column":6},"end":{"line":191,"column":38}},"60":{"start":{"line":192,"column":6},"end":{"line":192,"column":34}},"61":{"start":{"line":193,"column":6},"end":{"line":193,"column":35}},"62":{"start":{"line":198,"column":24},"end":{"line":215,"column":3}},"63":{"start":{"line":199,"column":4},"end":{"line":199,"column":53}},"64":{"start":{"line":201,"column":4},"end":{"line":214,"column":5}},"65":{"start":{"line":202,"column":23},"end":{"line":202,"column":70}},"66":{"start":{"line":204,"column":6},"end":{"line":210,"column":7}},"67":{"start":{"line":206,"column":8},"end":{"line":206,"column":68}},"68":{"start":{"line":207,"column":8},"end":{"line":207,"column":63}},"69":{"start":{"line":209,"column":8},"end":{"line":209,"column":69}},"70":{"start":{"line":212,"column":6},"end":{"line":212,"column":56}},"71":{"start":{"line":213,"column":6},"end":{"line":213,"column":18}},"72":{"start":{"line":218,"column":25},"end":{"line":232,"column":3}},"73":{"start":{"line":219,"column":4},"end":{"line":221,"column":5}},"74":{"start":{"line":220,"column":6},"end":{"line":220,"column":72}},"75":{"start":{"line":223,"column":4},"end":{"line":231,"column":5}},"76":{"start":{"line":224,"column":23},"end":{"line":224,"column":68}},"77":{"start":{"line":226,"column":6},"end":{"line":228,"column":7}},"78":{"start":{"line":227,"column":8},"end":{"line":227,"column":70}},"79":{"start":{"line":230,"column":6},"end":{"line":230,"column":18}},"80":{"start":{"line":235,"column":25},"end":{"line":248,"column":3}},"81":{"start":{"line":236,"column":4},"end":{"line":238,"column":5}},"82":{"start":{"line":237,"column":6},"end":{"line":237,"column":13}},"83":{"start":{"line":240,"column":4},"end":{"line":247,"column":5}},"84":{"start":{"line":241,"column":22},"end":{"line":241,"column":55}},"85":{"start":{"line":242,"column":6},"end":{"line":242,"column":60}},"86":{"start":{"line":243,"column":6},"end":{"line":243,"column":55}},"87":{"start":{"line":245,"column":6},"end":{"line":245,"column":57}},"88":{"start":{"line":251,"column":40},"end":{"line":262,"column":3}},"89":{"start":{"line":264,"column":2},"end":{"line":268,"column":4}},"90":{"start":{"line":272,"column":23},"end":{"line":278,"column":1}},"91":{"start":{"line":273,"column":18},"end":{"line":273,"column":41}},"92":{"start":{"line":274,"column":2},"end":{"line":276,"column":3}},"93":{"start":{"line":275,"column":4},"end":{"line":275,"column":67}},"94":{"start":{"line":277,"column":2},"end":{"line":277,"column":17}}},"fnMap":{"0":{"name":"(anonymous_0)","decl":{"start":{"line":32,"column":20},"end":{"line":32,"column":21}},"loc":{"start":{"line":32,"column":73},"end":{"line":73,"column":1}},"line":32},"1":{"name":"(anonymous_1)","decl":{"start":{"line":83,"column":57},"end":{"line":83,"column":58}},"loc":{"start":{"line":83,"column":75},"end":{"line":269,"column":1}},"line":83},"2":{"name":"(anonymous_2)","decl":{"start":{"line":87,"column":12},"end":{"line":87,"column":13}},"loc":{"start":{"line":87,"column":18},"end":{"line":122,"column":3}},"line":87},"3":{"name":"(anonymous_3)","decl":{"start":{"line":88,"column":27},"end":{"line":88,"column":28}},"loc":{"start":{"line":88,"column":39},"end":{"line":119,"column":5}},"line":88},"4":{"name":"(anonymous_4)","decl":{"start":{"line":125,"column":16},"end":{"line":125,"column":17}},"loc":{"start":{"line":125,"column":74},"end":{"line":160,"column":3}},"line":125},"5":{"name":"(anonymous_5)","decl":{"start":{"line":163,"column":19},"end":{"line":163,"column":20}},"loc":{"start":{"line":163,"column":68},"end":{"line":180,"column":3}},"line":163},"6":{"name":"(anonymous_6)","decl":{"start":{"line":183,"column":17},"end":{"line":183,"column":18}},"loc":{"start":{"line":183,"column":44},"end":{"line":195,"column":3}},"line":183},"7":{"name":"(anonymous_7)","decl":{"start":{"line":198,"column":24},"end":{"line":198,"column":25}},"loc":{"start":{"line":198,"column":81},"end":{"line":215,"column":3}},"line":198},"8":{"name":"(anonymous_8)","decl":{"start":{"line":218,"column":25},"end":{"line":218,"column":26}},"loc":{"start":{"line":218,"column":84},"end":{"line":232,"column":3}},"line":218},"9":{"name":"(anonymous_9)","decl":{"start":{"line":235,"column":25},"end":{"line":235,"column":26}},"loc":{"start":{"line":235,"column":52},"end":{"line":248,"column":3}},"line":235},"10":{"name":"(anonymous_10)","decl":{"start":{"line":272,"column":23},"end":{"line":272,"column":24}},"loc":{"start":{"line":272,"column":46},"end":{"line":278,"column":1}},"line":272}},"branchMap":{"0":{"loc":{"start":{"line":33,"column":2},"end":{"line":72,"column":3}},"type":"switch","locations":[{"start":{"line":34,"column":4},"end":{"line":38,"column":8}},{"start":{"line":39,"column":4},"end":{"line":46,"column":8}},{"start":{"line":47,"column":4},"end":{"line":54,"column":8}},{"start":{"line":55,"column":4},"end":{"line":62,"column":8}},{"start":{"line":63,"column":4},"end":{"line":69,"column":8}},{"start":{"line":70,"column":4},"end":{"line":71,"column":19}}],"line":33},"1":{"loc":{"start":{"line":92,"column":6},"end":{"line":118,"column":7}},"type":"if","locations":[{"start":{"line":92,"column":6},"end":{"line":118,"column":7}},{"start":{"line":116,"column":13},"end":{"line":118,"column":7}}],"line":92},"2":{"loc":{"start":{"line":92,"column":10},"end":{"line":92,"column":26}},"type":"binary-expr","locations":[{"start":{"line":92,"column":10},"end":{"line":92,"column":15}},{"start":{"line":92,"column":19},"end":{"line":92,"column":26}}],"line":92},"3":{"loc":{"start":{"line":96,"column":10},"end":{"line":108,"column":11}},"type":"if","locations":[{"start":{"line":96,"column":10},"end":{"line":108,"column":11}},{"start":{"line":103,"column":17},"end":{"line":108,"column":11}}],"line":96},"4":{"loc":{"start":{"line":169,"column":6},"end":{"line":175,"column":7}},"type":"if","locations":[{"start":{"line":169,"column":6},"end":{"line":175,"column":7}},{"start":{"line":172,"column":13},"end":{"line":175,"column":7}}],"line":169},"5":{"loc":{"start":{"line":169,"column":10},"end":{"line":169,"column":43}},"type":"binary-expr","locations":[{"start":{"line":169,"column":10},"end":{"line":169,"column":26}},{"start":{"line":169,"column":30},"end":{"line":169,"column":43}}],"line":169},"6":{"loc":{"start":{"line":174,"column":24},"end":{"line":174,"column":65}},"type":"binary-expr","locations":[{"start":{"line":174,"column":24},"end":{"line":174,"column":40}},{"start":{"line":174,"column":44},"end":{"line":174,"column":65}}],"line":174},"7":{"loc":{"start":{"line":204,"column":6},"end":{"line":210,"column":7}},"type":"if","locations":[{"start":{"line":204,"column":6},"end":{"line":210,"column":7}},{"start":{"line":208,"column":13},"end":{"line":210,"column":7}}],"line":204},"8":{"loc":{"start":{"line":204,"column":10},"end":{"line":204,"column":43}},"type":"binary-expr","locations":[{"start":{"line":204,"column":10},"end":{"line":204,"column":26}},{"start":{"line":204,"column":30},"end":{"line":204,"column":43}}],"line":204},"9":{"loc":{"start":{"line":209,"column":24},"end":{"line":209,"column":67}},"type":"binary-expr","locations":[{"start":{"line":209,"column":24},"end":{"line":209,"column":40}},{"start":{"line":209,"column":44},"end":{"line":209,"column":67}}],"line":209},"10":{"loc":{"start":{"line":219,"column":4},"end":{"line":221,"column":5}},"type":"if","locations":[{"start":{"line":219,"column":4},"end":{"line":221,"column":5}},{"start":{},"end":{}}],"line":219},"11":{"loc":{"start":{"line":226,"column":6},"end":{"line":228,"column":7}},"type":"if","locations":[{"start":{"line":226,"column":6},"end":{"line":228,"column":7}},{"start":{},"end":{}}],"line":226},"12":{"loc":{"start":{"line":227,"column":24},"end":{"line":227,"column":68}},"type":"binary-expr","locations":[{"start":{"line":227,"column":24},"end":{"line":227,"column":40}},{"start":{"line":227,"column":44},"end":{"line":227,"column":68}}],"line":227},"13":{"loc":{"start":{"line":236,"column":4},"end":{"line":238,"column":5}},"type":"if","locations":[{"start":{"line":236,"column":4},"end":{"line":238,"column":5}},{"start":{},"end":{}}],"line":236},"14":{"loc":{"start":{"line":274,"column":2},"end":{"line":276,"column":3}},"type":"if","locations":[{"start":{"line":274,"column":2},"end":{"line":276,"column":3}},{"start":{},"end":{}}],"line":274}},"s":{"0":0,"1":0,"2":0,"3":0,"4":0,"5":0,"6":0,"7":0,"8":0,"9":0,"10":0,"11":0,"12":0,"13":0,"14":0,"15":0,"16":0,"17":0,"18":0,"19":0,"20":0,"21":0,"22":0,"23":0,"24":0,"25":0,"26":0,"27":0,"28":0,"29":0,"30":0,"31":0,"32":0,"33":0,"34":0,"35":0,"36":0,"37":0,"38":0,"39":0,"40":0,"41":0,"42":0,"43":0,"44":0,"45":0,"46":0,"47":0,"48":0,"49":0,"50":0,"51":0,"52":0,"53":0,"54":0,"55":0,"56":0,"57":0,"58":0,"59":0,"60":0,"61":0,"62":0,"63":0,"64":0,"65":0,"66":0,"67":0,"68":0,"69":0,"70":0,"71":0,"72":0,"73":0,"74":0,"75":0,"76":0,"77":0,"78":0,"79":0,"80":0,"81":0,"82":0,"83":0,"84":0,"85":0,"86":0,"87":0,"88":0,"89":0,"90":0,"91":0,"92":0,"93":0,"94":0},"f":{"0":0,"1":0,"2":0,"3":0,"4":0,"5":0,"6":0,"7":0,"8":0,"9":0,"10":0},"b":{"0":[0,0,0,0,0,0],"1":[0,0],"2":[0,0],"3":[0,0],"4":[0,0],"5":[0,0],"6":[0,0],"7":[0,0],"8":[0,0],"9":[0,0],"10":[0,0],"11":[0,0],"12":[0,0],"13":[0,0],"14":[0,0]}}
,"/Users/anupamg/Desktop/Code/Talentica/assignment-2/bookreview-frontend/src/pages/BookDetailsPage.tsx": {"path":"/Users/anupamg/Desktop/Code/Talentica/assignment-2/bookreview-frontend/src/pages/BookDetailsPage.tsx","statementMap":{"0":{"start":{"line":50,"column":21},"end":{"line":60,"column":2}},"1":{"start":{"line":67,"column":34},"end":{"line":530,"column":1}},"2":{"start":{"line":68,"column":17},"end":{"line":68,"column":44}},"3":{"start":{"line":69,"column":19},"end":{"line":69,"column":32}},"4":{"start":{"line":70,"column":30},"end":{"line":70,"column":39}},"5":{"start":{"line":71,"column":22},"end":{"line":71,"column":38}},"6":{"start":{"line":73,"column":40},"end":{"line":73,"column":51}},"7":{"start":{"line":74,"column":54},"end":{"line":74,"column":69}},"8":{"start":{"line":75,"column":52},"end":{"line":75,"column":81}},"9":{"start":{"line":77,"column":17},"end":{"line":77,"column":36}},"10":{"start":{"line":85,"column":6},"end":{"line":91,"column":4}},"11":{"start":{"line":98,"column":6},"end":{"line":102,"column":4}},"12":{"start":{"line":100,"column":19},"end":{"line":100,"column":52}},"13":{"start":{"line":109,"column":6},"end":{"line":113,"column":4}},"14":{"start":{"line":111,"column":19},"end":{"line":111,"column":68}},"15":{"start":{"line":119,"column":6},"end":{"line":123,"column":4}},"16":{"start":{"line":121,"column":19},"end":{"line":121,"column":57}},"17":{"start":{"line":126,"column":33},"end":{"line":131,"column":4}},"18":{"start":{"line":127,"column":22},"end":{"line":127,"column":55}},"19":{"start":{"line":129,"column":6},"end":{"line":129,"column":76}},"20":{"start":{"line":134,"column":38},"end":{"line":139,"column":4}},"21":{"start":{"line":135,"column":22},"end":{"line":135,"column":60}},"22":{"start":{"line":137,"column":6},"end":{"line":137,"column":76}},"23":{"start":{"line":142,"column":31},"end":{"line":155,"column":4}},"24":{"start":{"line":144,"column":6},"end":{"line":144,"column":73}},"25":{"start":{"line":146,"column":6},"end":{"line":146,"column":75}},"26":{"start":{"line":147,"column":6},"end":{"line":147,"column":68}},"27":{"start":{"line":148,"column":6},"end":{"line":148,"column":35}},"28":{"start":{"line":149,"column":6},"end":{"line":149,"column":14}},"29":{"start":{"line":150,"column":6},"end":{"line":150,"column":33}},"30":{"start":{"line":153,"column":6},"end":{"line":153,"column":88}},"31":{"start":{"line":157,"column":31},"end":{"line":168,"column":3}},"32":{"start":{"line":158,"column":4},"end":{"line":161,"column":5}},"33":{"start":{"line":159,"column":6},"end":{"line":159,"column":25}},"34":{"start":{"line":160,"column":6},"end":{"line":160,"column":13}},"35":{"start":{"line":163,"column":4},"end":{"line":167,"column":5}},"36":{"start":{"line":164,"column":6},"end":{"line":164,"column":43}},"37":{"start":{"line":166,"column":6},"end":{"line":166,"column":38}},"38":{"start":{"line":170,"column":29},"end":{"line":177,"column":3}},"39":{"start":{"line":171,"column":4},"end":{"line":174,"column":5}},"40":{"start":{"line":172,"column":6},"end":{"line":172,"column":25}},"41":{"start":{"line":173,"column":6},"end":{"line":173,"column":13}},"42":{"start":{"line":175,"column":4},"end":{"line":175,"column":31}},"43":{"start":{"line":176,"column":4},"end":{"line":176,"column":38}},"44":{"start":{"line":179,"column":34},"end":{"line":181,"column":3}},"45":{"start":{"line":180,"column":4},"end":{"line":180,"column":32}},"46":{"start":{"line":183,"column":2},"end":{"line":196,"column":3}},"47":{"start":{"line":184,"column":4},"end":{"line":195,"column":6}},"48":{"start":{"line":198,"column":2},"end":{"line":215,"column":3}},"49":{"start":{"line":199,"column":4},"end":{"line":214,"column":6}},"50":{"start":{"line":207,"column":27},"end":{"line":207,"column":45}},"51":{"start":{"line":217,"column":18},"end":{"line":217,"column":44}},"52":{"start":{"line":218,"column":22},"end":{"line":218,"column":54}},"53":{"start":{"line":220,"column":2},"end":{"line":529,"column":4}},"54":{"start":{"line":227,"column":27},"end":{"line":227,"column":39}},"55":{"start":{"line":296,"column":20},"end":{"line":302,"column":22}},"56":{"start":{"line":320,"column":20},"end":{"line":324,"column":21}},"57":{"start":{"line":321,"column":22},"end":{"line":321,"column":41}},"58":{"start":{"line":323,"column":22},"end":{"line":323,"column":50}},"59":{"start":{"line":373,"column":16},"end":{"line":377,"column":17}},"60":{"start":{"line":374,"column":18},"end":{"line":374,"column":37}},"61":{"start":{"line":376,"column":18},"end":{"line":376,"column":46}},"62":{"start":{"line":387,"column":16},"end":{"line":391,"column":24}},"63":{"start":{"line":410,"column":18},"end":{"line":414,"column":19}},"64":{"start":{"line":411,"column":20},"end":{"line":411,"column":39}},"65":{"start":{"line":413,"column":20},"end":{"line":413,"column":48}},"66":{"start":{"line":423,"column":16},"end":{"line":442,"column":24}},"67":{"start":{"line":462,"column":57},"end":{"line":462,"column":85}},"68":{"start":{"line":480,"column":20},"end":{"line":484,"column":22}},"69":{"start":{"line":498,"column":18},"end":{"line":508,"column":20}},"70":{"start":{"line":513,"column":37},"end":{"line":513,"column":65}}},"fnMap":{"0":{"name":"(anonymous_0)","decl":{"start":{"line":67,"column":34},"end":{"line":67,"column":35}},"loc":{"start":{"line":67,"column":40},"end":{"line":530,"column":1}},"line":67},"1":{"name":"(anonymous_1)","decl":{"start":{"line":100,"column":13},"end":{"line":100,"column":14}},"loc":{"start":{"line":100,"column":19},"end":{"line":100,"column":52}},"line":100},"2":{"name":"(anonymous_2)","decl":{"start":{"line":111,"column":13},"end":{"line":111,"column":14}},"loc":{"start":{"line":111,"column":19},"end":{"line":111,"column":68}},"line":111},"3":{"name":"(anonymous_3)","decl":{"start":{"line":121,"column":13},"end":{"line":121,"column":14}},"loc":{"start":{"line":121,"column":19},"end":{"line":121,"column":57}},"line":121},"4":{"name":"(anonymous_4)","decl":{"start":{"line":127,"column":16},"end":{"line":127,"column":17}},"loc":{"start":{"line":127,"column":22},"end":{"line":127,"column":55}},"line":127},"5":{"name":"(anonymous_5)","decl":{"start":{"line":128,"column":15},"end":{"line":128,"column":16}},"loc":{"start":{"line":128,"column":21},"end":{"line":130,"column":5}},"line":128},"6":{"name":"(anonymous_6)","decl":{"start":{"line":135,"column":16},"end":{"line":135,"column":17}},"loc":{"start":{"line":135,"column":22},"end":{"line":135,"column":60}},"line":135},"7":{"name":"(anonymous_7)","decl":{"start":{"line":136,"column":15},"end":{"line":136,"column":16}},"loc":{"start":{"line":136,"column":21},"end":{"line":138,"column":5}},"line":136},"8":{"name":"(anonymous_8)","decl":{"start":{"line":143,"column":16},"end":{"line":143,"column":17}},"loc":{"start":{"line":144,"column":6},"end":{"line":144,"column":73}},"line":144},"9":{"name":"(anonymous_9)","decl":{"start":{"line":145,"column":15},"end":{"line":145,"column":16}},"loc":{"start":{"line":145,"column":21},"end":{"line":151,"column":5}},"line":145},"10":{"name":"(anonymous_10)","decl":{"start":{"line":152,"column":13},"end":{"line":152,"column":14}},"loc":{"start":{"line":152,"column":29},"end":{"line":154,"column":5}},"line":152},"11":{"name":"(anonymous_11)","decl":{"start":{"line":157,"column":31},"end":{"line":157,"column":32}},"loc":{"start":{"line":157,"column":37},"end":{"line":168,"column":3}},"line":157},"12":{"name":"(anonymous_12)","decl":{"start":{"line":170,"column":29},"end":{"line":170,"column":30}},"loc":{"start":{"line":170,"column":55},"end":{"line":177,"column":3}},"line":170},"13":{"name":"(anonymous_13)","decl":{"start":{"line":179,"column":34},"end":{"line":179,"column":35}},"loc":{"start":{"line":179,"column":91},"end":{"line":181,"column":3}},"line":179},"14":{"name":"(anonymous_14)","decl":{"start":{"line":207,"column":21},"end":{"line":207,"column":22}},"loc":{"start":{"line":207,"column":27},"end":{"line":207,"column":45}},"line":207},"15":{"name":"(anonymous_15)","decl":{"start":{"line":227,"column":21},"end":{"line":227,"column":22}},"loc":{"start":{"line":227,"column":27},"end":{"line":227,"column":39}},"line":227},"16":{"name":"(anonymous_16)","decl":{"start":{"line":295,"column":46},"end":{"line":295,"column":47}},"loc":{"start":{"line":296,"column":20},"end":{"line":302,"column":22}},"line":296},"17":{"name":"(anonymous_17)","decl":{"start":{"line":319,"column":27},"end":{"line":319,"column":28}},"loc":{"start":{"line":319,"column":33},"end":{"line":325,"column":19}},"line":319},"18":{"name":"(anonymous_18)","decl":{"start":{"line":372,"column":23},"end":{"line":372,"column":24}},"loc":{"start":{"line":372,"column":29},"end":{"line":378,"column":15}},"line":372},"19":{"name":"(anonymous_19)","decl":{"start":{"line":386,"column":29},"end":{"line":386,"column":30}},"loc":{"start":{"line":387,"column":16},"end":{"line":391,"column":24}},"line":387},"20":{"name":"(anonymous_20)","decl":{"start":{"line":409,"column":25},"end":{"line":409,"column":26}},"loc":{"start":{"line":409,"column":31},"end":{"line":415,"column":17}},"line":409},"21":{"name":"(anonymous_21)","decl":{"start":{"line":422,"column":27},"end":{"line":422,"column":28}},"loc":{"start":{"line":423,"column":16},"end":{"line":442,"column":24}},"line":423},"22":{"name":"(anonymous_22)","decl":{"start":{"line":462,"column":51},"end":{"line":462,"column":52}},"loc":{"start":{"line":462,"column":57},"end":{"line":462,"column":85}},"line":462},"23":{"name":"(anonymous_23)","decl":{"start":{"line":479,"column":26},"end":{"line":479,"column":27}},"loc":{"start":{"line":480,"column":20},"end":{"line":484,"column":22}},"line":480},"24":{"name":"(anonymous_24)","decl":{"start":{"line":497,"column":24},"end":{"line":497,"column":25}},"loc":{"start":{"line":498,"column":18},"end":{"line":508,"column":20}},"line":498},"25":{"name":"(anonymous_25)","decl":{"start":{"line":513,"column":31},"end":{"line":513,"column":32}},"loc":{"start":{"line":513,"column":37},"end":{"line":513,"column":65}},"line":513}},"branchMap":{"0":{"loc":{"start":{"line":77,"column":26},"end":{"line":77,"column":35}},"type":"binary-expr","locations":[{"start":{"line":77,"column":26},"end":{"line":77,"column":28}},{"start":{"line":77,"column":32},"end":{"line":77,"column":35}}],"line":77},"1":{"loc":{"start":{"line":122,"column":13},"end":{"line":122,"column":40}},"type":"binary-expr","locations":[{"start":{"line":122,"column":13},"end":{"line":122,"column":21}},{"start":{"line":122,"column":25},"end":{"line":122,"column":40}}],"line":122},"2":{"loc":{"start":{"line":144,"column":51},"end":{"line":144,"column":72}},"type":"binary-expr","locations":[{"start":{"line":144,"column":51},"end":{"line":144,"column":66}},{"start":{"line":144,"column":70},"end":{"line":144,"column":72}}],"line":144},"3":{"loc":{"start":{"line":153,"column":27},"end":{"line":153,"column":86}},"type":"binary-expr","locations":[{"start":{"line":153,"column":27},"end":{"line":153,"column":57}},{"start":{"line":153,"column":61},"end":{"line":153,"column":86}}],"line":153},"4":{"loc":{"start":{"line":158,"column":4},"end":{"line":161,"column":5}},"type":"if","locations":[{"start":{"line":158,"column":4},"end":{"line":161,"column":5}},{"start":{},"end":{}}],"line":158},"5":{"loc":{"start":{"line":163,"column":4},"end":{"line":167,"column":5}},"type":"if","locations":[{"start":{"line":163,"column":4},"end":{"line":167,"column":5}},{"start":{"line":165,"column":11},"end":{"line":167,"column":5}}],"line":163},"6":{"loc":{"start":{"line":171,"column":4},"end":{"line":174,"column":5}},"type":"if","locations":[{"start":{"line":171,"column":4},"end":{"line":174,"column":5}},{"start":{},"end":{}}],"line":171},"7":{"loc":{"start":{"line":183,"column":2},"end":{"line":196,"column":3}},"type":"if","locations":[{"start":{"line":183,"column":2},"end":{"line":196,"column":3}},{"start":{},"end":{}}],"line":183},"8":{"loc":{"start":{"line":198,"column":2},"end":{"line":215,"column":3}},"type":"if","locations":[{"start":{"line":198,"column":2},"end":{"line":215,"column":3}},{"start":{},"end":{}}],"line":198},"9":{"loc":{"start":{"line":198,"column":6},"end":{"line":198,"column":24}},"type":"binary-expr","locations":[{"start":{"line":198,"column":6},"end":{"line":198,"column":15}},{"start":{"line":198,"column":19},"end":{"line":198,"column":24}}],"line":198},"10":{"loc":{"start":{"line":217,"column":18},"end":{"line":217,"column":44}},"type":"binary-expr","locations":[{"start":{"line":217,"column":18},"end":{"line":217,"column":38}},{"start":{"line":217,"column":42},"end":{"line":217,"column":44}}],"line":217},"11":{"loc":{"start":{"line":218,"column":22},"end":{"line":218,"column":54}},"type":"binary-expr","locations":[{"start":{"line":218,"column":22},"end":{"line":218,"column":45}},{"start":{"line":218,"column":49},"end":{"line":218,"column":54}}],"line":218},"12":{"loc":{"start":{"line":245,"column":17},"end":{"line":265,"column":17}},"type":"cond-expr","locations":[{"start":{"line":246,"column":18},"end":{"line":254,"column":20}},{"start":{"line":256,"column":18},"end":{"line":264,"column":24}}],"line":245},"13":{"loc":{"start":{"line":285,"column":19},"end":{"line":285,"column":85}},"type":"cond-expr","locations":[{"start":{"line":285,"column":40},"end":{"line":285,"column":77}},{"start":{"line":285,"column":80},"end":{"line":285,"column":85}}],"line":285},"14":{"loc":{"start":{"line":293,"column":15},"end":{"line":305,"column":15}},"type":"binary-expr","locations":[{"start":{"line":293,"column":15},"end":{"line":293,"column":26}},{"start":{"line":294,"column":16},"end":{"line":304,"column":22}}],"line":293},"15":{"loc":{"start":{"line":308,"column":15},"end":{"line":312,"column":15}},"type":"binary-expr","locations":[{"start":{"line":308,"column":15},"end":{"line":308,"column":33}},{"start":{"line":309,"column":16},"end":{"line":311,"column":29}}],"line":308},"16":{"loc":{"start":{"line":318,"column":29},"end":{"line":318,"column":65}},"type":"cond-expr","locations":[{"start":{"line":318,"column":47},"end":{"line":318,"column":54}},{"start":{"line":318,"column":57},"end":{"line":318,"column":65}}],"line":318},"17":{"loc":{"start":{"line":320,"column":20},"end":{"line":324,"column":21}},"type":"if","locations":[{"start":{"line":320,"column":20},"end":{"line":324,"column":21}},{"start":{"line":322,"column":27},"end":{"line":324,"column":21}}],"line":320},"18":{"loc":{"start":{"line":328,"column":19},"end":{"line":328,"column":71}},"type":"cond-expr","locations":[{"start":{"line":328,"column":37},"end":{"line":328,"column":51}},{"start":{"line":328,"column":54},"end":{"line":328,"column":71}}],"line":328},"19":{"loc":{"start":{"line":332,"column":27},"end":{"line":332,"column":65}},"type":"cond-expr","locations":[{"start":{"line":332,"column":41},"end":{"line":332,"column":52}},{"start":{"line":332,"column":55},"end":{"line":332,"column":65}}],"line":332},"20":{"loc":{"start":{"line":333,"column":29},"end":{"line":333,"column":76}},"type":"cond-expr","locations":[{"start":{"line":333,"column":43},"end":{"line":333,"column":55}},{"start":{"line":333,"column":58},"end":{"line":333,"column":76}}],"line":333},"21":{"loc":{"start":{"line":335,"column":28},"end":{"line":335,"column":120}},"type":"binary-expr","locations":[{"start":{"line":335,"column":28},"end":{"line":335,"column":43}},{"start":{"line":335,"column":47},"end":{"line":335,"column":79}},{"start":{"line":335,"column":83},"end":{"line":335,"column":120}}],"line":335},"22":{"loc":{"start":{"line":336,"column":25},"end":{"line":336,"column":58}},"type":"cond-expr","locations":[{"start":{"line":336,"column":39},"end":{"line":336,"column":46}},{"start":{"line":336,"column":49},"end":{"line":336,"column":58}}],"line":336},"23":{"loc":{"start":{"line":339,"column":19},"end":{"line":340,"column":77}},"type":"cond-expr","locations":[{"start":{"line":339,"column":37},"end":{"line":339,"column":67}},{"start":{"line":340,"column":19},"end":{"line":340,"column":77}}],"line":339},"24":{"loc":{"start":{"line":340,"column":19},"end":{"line":340,"column":77}},"type":"cond-expr","locations":[{"start":{"line":340,"column":33},"end":{"line":340,"column":56}},{"start":{"line":340,"column":59},"end":{"line":340,"column":77}}],"line":340},"25":{"loc":{"start":{"line":354,"column":19},"end":{"line":354,"column":80}},"type":"binary-expr","locations":[{"start":{"line":354,"column":19},"end":{"line":354,"column":35}},{"start":{"line":354,"column":39},"end":{"line":354,"column":80}}],"line":354},"26":{"loc":{"start":{"line":373,"column":16},"end":{"line":377,"column":17}},"type":"if","locations":[{"start":{"line":373,"column":16},"end":{"line":377,"column":17}},{"start":{"line":375,"column":23},"end":{"line":377,"column":17}}],"line":373},"27":{"loc":{"start":{"line":384,"column":11},"end":{"line":458,"column":11}},"type":"cond-expr","locations":[{"start":{"line":385,"column":12},"end":{"line":393,"column":18}},{"start":{"line":394,"column":14},"end":{"line":458,"column":11}}],"line":384},"28":{"loc":{"start":{"line":394,"column":14},"end":{"line":458,"column":11}},"type":"cond-expr","locations":[{"start":{"line":395,"column":12},"end":{"line":397,"column":20}},{"start":{"line":398,"column":14},"end":{"line":458,"column":11}}],"line":394},"29":{"loc":{"start":{"line":398,"column":14},"end":{"line":458,"column":11}},"type":"cond-expr","locations":[{"start":{"line":399,"column":12},"end":{"line":419,"column":20}},{"start":{"line":421,"column":12},"end":{"line":457,"column":15}}],"line":398},"30":{"loc":{"start":{"line":410,"column":18},"end":{"line":414,"column":19}},"type":"if","locations":[{"start":{"line":410,"column":18},"end":{"line":414,"column":19}},{"start":{"line":412,"column":25},"end":{"line":414,"column":19}}],"line":410},"31":{"loc":{"start":{"line":427,"column":25},"end":{"line":427,"column":62}},"type":"binary-expr","locations":[{"start":{"line":427,"column":25},"end":{"line":427,"column":42}},{"start":{"line":427,"column":46},"end":{"line":427,"column":62}}],"line":427},"32":{"loc":{"start":{"line":437,"column":19},"end":{"line":441,"column":19}},"type":"binary-expr","locations":[{"start":{"line":437,"column":19},"end":{"line":437,"column":36}},{"start":{"line":438,"column":20},"end":{"line":440,"column":33}}],"line":437},"33":{"loc":{"start":{"line":446,"column":15},"end":{"line":456,"column":15}},"type":"binary-expr","locations":[{"start":{"line":446,"column":15},"end":{"line":446,"column":26}},{"start":{"line":446,"column":30},"end":{"line":446,"column":56}},{"start":{"line":447,"column":16},"end":{"line":455,"column":22}}],"line":446},"34":{"loc":{"start":{"line":466,"column":15},"end":{"line":470,"column":15}},"type":"binary-expr","locations":[{"start":{"line":466,"column":15},"end":{"line":466,"column":32}},{"start":{"line":467,"column":16},"end":{"line":469,"column":24}}],"line":466},"35":{"loc":{"start":{"line":487,"column":17},"end":{"line":491,"column":17}},"type":"binary-expr","locations":[{"start":{"line":487,"column":17},"end":{"line":487,"column":30}},{"start":{"line":488,"column":18},"end":{"line":490,"column":31}}],"line":487},"36":{"loc":{"start":{"line":519,"column":26},"end":{"line":519,"column":72}},"type":"binary-expr","locations":[{"start":{"line":519,"column":26},"end":{"line":519,"column":38}},{"start":{"line":519,"column":42},"end":{"line":519,"column":72}}],"line":519},"37":{"loc":{"start":{"line":520,"column":27},"end":{"line":520,"column":97}},"type":"cond-expr","locations":[{"start":{"line":520,"column":60},"end":{"line":520,"column":90}},{"start":{"line":520,"column":93},"end":{"line":520,"column":97}}],"line":520}},"s":{"0":0,"1":0,"2":0,"3":0,"4":0,"5":0,"6":0,"7":0,"8":0,"9":0,"10":0,"11":0,"12":0,"13":0,"14":0,"15":0,"16":0,"17":0,"18":0,"19":0,"20":0,"21":0,"22":0,"23":0,"24":0,"25":0,"26":0,"27":0,"28":0,"29":0,"30":0,"31":0,"32":0,"33":0,"34":0,"35":0,"36":0,"37":0,"38":0,"39":0,"40":0,"41":0,"42":0,"43":0,"44":0,"45":0,"46":0,"47":0,"48":0,"49":0,"50":0,"51":0,"52":0,"53":0,"54":0,"55":0,"56":0,"57":0,"58":0,"59":0,"60":0,"61":0,"62":0,"63":0,"64":0,"65":0,"66":0,"67":0,"68":0,"69":0,"70":0},"f":{"0":0,"1":0,"2":0,"3":0,"4":0,"5":0,"6":0,"7":0,"8":0,"9":0,"10":0,"11":0,"12":0,"13":0,"14":0,"15":0,"16":0,"17":0,"18":0,"19":0,"20":0,"21":0,"22":0,"23":0,"24":0,"25":0},"b":{"0":[0,0],"1":[0,0],"2":[0,0],"3":[0,0],"4":[0,0],"5":[0,0],"6":[0,0],"7":[0,0],"8":[0,0],"9":[0,0],"10":[0,0],"11":[0,0],"12":[0,0],"13":[0,0],"14":[0,0],"15":[0,0],"16":[0,0],"17":[0,0],"18":[0,0],"19":[0,0],"20":[0,0],"21":[0,0,0],"22":[0,0],"23":[0,0],"24":[0,0],"25":[0,0],"26":[0,0],"27":[0,0],"28":[0,0],"29":[0,0],"30":[0,0],"31":[0,0],"32":[0,0],"33":[0,0,0],"34":[0,0],"35":[0,0],"36":[0,0],"37":[0,0]}}
,"/Users/anupamg/Desktop/Code/Talentica/assignment-2/bookreview-frontend/src/pages/BooksPage.tsx": {"path":"/Users/anupamg/Desktop/Code/Talentica/assignment-2/bookreview-frontend/src/pages/BooksPage.tsx","statementMap":{"0":{"start":{"line":32,"column":28},"end":{"line":265,"column":1}},"1":{"start":{"line":33,"column":19},"end":{"line":33,"column":32}},"2":{"start":{"line":34,"column":42},"end":{"line":34,"column":59}},"3":{"start":{"line":35,"column":19},"end":{"line":35,"column":32}},"4":{"start":{"line":36,"column":30},"end":{"line":36,"column":39}},"5":{"start":{"line":38,"column":26},"end":{"line":38,"column":37}},"6":{"start":{"line":39,"column":40},"end":{"line":39,"column":77}},"7":{"start":{"line":41,"column":20},"end":{"line":45,"column":20}},"8":{"start":{"line":48,"column":19},"end":{"line":58,"column":3}},"9":{"start":{"line":49,"column":4},"end":{"line":57,"column":5}},"10":{"start":{"line":50,"column":6},"end":{"line":50,"column":45}},"11":{"start":{"line":51,"column":11},"end":{"line":57,"column":5}},"12":{"start":{"line":52,"column":6},"end":{"line":52,"column":44}},"13":{"start":{"line":53,"column":11},"end":{"line":57,"column":5}},"14":{"start":{"line":54,"column":6},"end":{"line":54,"column":59}},"15":{"start":{"line":56,"column":6},"end":{"line":56,"column":43}},"16":{"start":{"line":65,"column":6},"end":{"line":68,"column":4}},"17":{"start":{"line":70,"column":23},"end":{"line":75,"column":3}},"18":{"start":{"line":71,"column":4},"end":{"line":71,"column":27}},"19":{"start":{"line":72,"column":4},"end":{"line":72,"column":15}},"20":{"start":{"line":73,"column":4},"end":{"line":73,"column":40}},"21":{"start":{"line":74,"column":4},"end":{"line":74,"column":14}},"22":{"start":{"line":77,"column":27},"end":{"line":79,"column":3}},"23":{"start":{"line":78,"column":4},"end":{"line":78,"column":25}},"24":{"start":{"line":82,"column":24},"end":{"line":82,"column":88}},"25":{"start":{"line":84,"column":2},"end":{"line":94,"column":3}},"26":{"start":{"line":85,"column":4},"end":{"line":93,"column":6}},"27":{"start":{"line":96,"column":2},"end":{"line":264,"column":4}},"28":{"start":{"line":111,"column":31},"end":{"line":111,"column":61}},"29":{"start":{"line":152,"column":16},"end":{"line":243,"column":24}},"30":{"start":{"line":212,"column":28},"end":{"line":218,"column":30}},"31":{"start":{"line":228,"column":43},"end":{"line":228,"column":72}}},"fnMap":{"0":{"name":"(anonymous_0)","decl":{"start":{"line":32,"column":28},"end":{"line":32,"column":29}},"loc":{"start":{"line":32,"column":34},"end":{"line":265,"column":1}},"line":32},"1":{"name":"(anonymous_1)","decl":{"start":{"line":48,"column":19},"end":{"line":48,"column":20}},"loc":{"start":{"line":48,"column":25},"end":{"line":58,"column":3}},"line":48},"2":{"name":"(anonymous_2)","decl":{"start":{"line":70,"column":23},"end":{"line":70,"column":24}},"loc":{"start":{"line":70,"column":51},"end":{"line":75,"column":3}},"line":70},"3":{"name":"(anonymous_3)","decl":{"start":{"line":77,"column":27},"end":{"line":77,"column":28}},"loc":{"start":{"line":77,"column":84},"end":{"line":79,"column":3}},"line":77},"4":{"name":"(anonymous_4)","decl":{"start":{"line":111,"column":24},"end":{"line":111,"column":25}},"loc":{"start":{"line":111,"column":31},"end":{"line":111,"column":61}},"line":111},"5":{"name":"(anonymous_5)","decl":{"start":{"line":151,"column":27},"end":{"line":151,"column":28}},"loc":{"start":{"line":152,"column":16},"end":{"line":243,"column":24}},"line":152},"6":{"name":"(anonymous_6)","decl":{"start":{"line":211,"column":66},"end":{"line":211,"column":67}},"loc":{"start":{"line":212,"column":28},"end":{"line":218,"column":30}},"line":212},"7":{"name":"(anonymous_7)","decl":{"start":{"line":228,"column":37},"end":{"line":228,"column":38}},"loc":{"start":{"line":228,"column":43},"end":{"line":228,"column":72}},"line":228}},"branchMap":{"0":{"loc":{"start":{"line":39,"column":49},"end":{"line":39,"column":76}},"type":"binary-expr","locations":[{"start":{"line":39,"column":49},"end":{"line":39,"column":70}},{"start":{"line":39,"column":74},"end":{"line":39,"column":76}}],"line":39},"1":{"loc":{"start":{"line":41,"column":20},"end":{"line":45,"column":20}},"type":"cond-expr","locations":[{"start":{"line":42,"column":6},"end":{"line":42,"column":23}},{"start":{"line":43,"column":6},"end":{"line":45,"column":20}}],"line":41},"2":{"loc":{"start":{"line":43,"column":6},"end":{"line":45,"column":20}},"type":"cond-expr","locations":[{"start":{"line":44,"column":6},"end":{"line":44,"column":26}},{"start":{"line":45,"column":6},"end":{"line":45,"column":20}}],"line":43},"3":{"loc":{"start":{"line":49,"column":4},"end":{"line":57,"column":5}},"type":"if","locations":[{"start":{"line":49,"column":4},"end":{"line":57,"column":5}},{"start":{"line":51,"column":11},"end":{"line":57,"column":5}}],"line":49},"4":{"loc":{"start":{"line":51,"column":11},"end":{"line":57,"column":5}},"type":"if","locations":[{"start":{"line":51,"column":11},"end":{"line":57,"column":5}},{"start":{"line":53,"column":11},"end":{"line":57,"column":5}}],"line"
[...]
,"/Users/anupamg/Desktop/Code/Talentica/assignment-2/bookreview-frontend/src/services/api.ts": {"path":"/Users/anupamg/Desktop/Code/Talentica/assignment-2/bookreview-frontend/src/services/api.ts","statementMap":{"0":{"start":{"line":22,"column":4},"end":{"line":27,"column":7}},"1":{"start":{"line":30,"column":4},"end":{"line":41,"column":6}},"2":{"start":{"line":32,"column":22},"end":{"line":32,"column":51}},"3":{"start":{"line":33,"column":8},"end":{"line":35,"column":9}},"4":{"start":{"line":34,"column":10},"end":{"line":34,"column":59}},"5":{"start":{"line":36,"column":8},"end":{"line":36,"column":22}},"6":{"start":{"line":39,"column":8},"end":{"line":39,"column":37}},"7":{"start":{"line":44,"column":4},"end":{"line":58,"column":6}},"8":{"start":{"line":45,"column":20},"end":{"line":45,"column":28}},"9":{"start":{"line":47,"column":8},"end":{"line":55,"column":9}},"10":{"start":{"line":49,"column":22},"end":{"line":49,"column":45}},"11":{"start":{"line":50,"column":10},"end":{"line":54,"column":11}},"12":{"start":{"line":51,"column":12},"end":{"line":51,"column":45}},"13":{"start":{"line":52,"column":12},"end":{"line":52,"column":44}},"14":{"start":{"line":53,"column":12},"end":{"line":53,"column":44}},"15":{"start":{"line":56,"column":8},"end":{"line":56,"column":37}},"16":{"start":{"line":63,"column":21},"end":{"line":63,"column":66}},"17":{"start":{"line":64,"column":4},"end":{"line":64,"column":25}},"18":{"start":{"line":68,"column":21},"end":{"line":68,"column":72}},"19":{"start":{"line":69,"column":4},"end":{"line":69,"column":25}},"20":{"start":{"line":73,"column":21},"end":{"line":73,"column":57}},"21":{"start":{"line":74,"column":4},"end":{"line":74,"column":25}},"22":{"start":{"line":78,"column":21},"end":{"line":78,"column":75}},"23":{"start":{"line":79,"column":4},"end":{"line":79,"column":25}},"24":{"start":{"line":83,"column":4},"end":{"line":83,"column":40}},"25":{"start":{"line":87,"column":21},"end":{"line":87,"column":56}},"26":{"start":{"line":88,"column":4},"end":{"line":88,"column":25}},"27":{"start":{"line":92,"column":21},"end":{"line":92,"column":69}},"28":{"start":{"line":93,"column":4},"end":{"line":93,"column":25}},"29":{"start":{"line":97,"column":21},"end":{"line":100,"column":6}},"30":{"start":{"line":101,"column":4},"end":{"line":101,"column":25}},"31":{"start":{"line":106,"column":21},"end":{"line":108,"column":6}},"32":{"start":{"line":109,"column":4},"end":{"line":109,"column":25}},"33":{"start":{"line":113,"column":21},"end":{"line":113,"column":55}},"34":{"start":{"line":114,"column":4},"end":{"line":114,"column":25}},"35":{"start":{"line":118,"column":21},"end":{"line":118,"column":55}},"36":{"start":{"line":119,"column":4},"end":{"line":119,"column":25}},"37":{"start":{"line":123,"column":21},"end":{"line":125,"column":6}},"38":{"start":{"line":126,"column":4},"end":{"line":126,"column":25}},"39":{"start":{"line":130,"column":21},"end":{"line":132,"column":6}},"40":{"start":{"line":133,"column":4},"end":{"line":133,"column":25}},"41":{"start":{"line":137,"column":21},"end":{"line":139,"column":6}},"42":{"start":{"line":140,"column":4},"end":{"line":140,"column":25}},"43":{"start":{"line":144,"column":21},"end":{"line":146,"column":6}},"44":{"start":{"line":147,"column":4},"end":{"line":147,"column":25}},"45":{"start":{"line":151,"column":21},"end":{"line":151,"column":69}},"46":{"start":{"line":152,"column":4},"end":{"line":152,"column":25}},"47":{"start":{"line":156,"column":21},"end":{"line":156,"column":71}},"48":{"start":{"line":157,"column":4},"end":{"line":157,"column":25}},"49":{"start":{"line":161,"column":21},"end":{"line":161,"column":68}},"50":{"start":{"line":162,"column":4},"end":{"line":162,"column":25}},"51":{"start":{"line":166,"column":21},"end":{"line":168,"column":6}},"52":{"start":{"line":169,"column":4},"end":{"line":169,"column":25}},"53":{"start":{"line":174,"column":21},"end":{"line":176,"column":6}},"54":{"start":{"line":177,"column":4},"end":{"line":177,"column":25}},"55":{"start":{"line":181,"column":21},"end":{"line":183,"column":6}},"56":{"start":{"line":184,"column":4},"end":{"line":184,"column":25}},"57":{"start":{"line":188,"column":21},"end":{"line":190,"column":6}},"58":{"start":{"line":191,"column":4},"end":{"line":191,"column":25}},"59":{"start":{"line":195,"column":21},"end":{"line":198,"column":6}},"60":{"start":{"line":199,"column":4},"end":{"line":199,"column":25}},"61":{"start":{"line":204,"column":21},"end":{"line":206,"column":6}},"62":{"start":{"line":207,"column":4},"end":{"line":207,"column":25}},"63":{"start":{"line":211,"column":21},"end":{"line":214,"column":6}},"64":{"start":{"line":215,"column":4},"end":{"line":215,"column":25}},"65":{"start":{"line":219,"column":21},"end":{"line":221,"column":6}},"66":{"start":{"line":222,"column":4},"end":{"line":222,"column":25}},"67":{"start":{"line":226,"column":21},"end":{"line":228,"column":6}},"68":{"start":{"line":229,"column":4},"end":{"line":229,"column":25}},"69":{"start":{"line":233,"column":21},"end":{"line":236,"column":6}},"70":{"start":{"line":237,"column":4},"end":{"line":237,"column":25}},"71":{"start":{"line":241,"column":21},"end":{"line":244,"column":6}},"72":{"start":{"line":245,"column":4},"end":{"line":245,"column":25}},"73":{"start":{"line":249,"column":21},"end":{"line":249,"column":66}},"74":{"start":{"line":250,"column":4},"end":{"line":250,"column":25}},"75":{"start":{"line":255,"column":4},"end":{"line":255,"column":74}},"76":{"start":{"line":259,"column":4},"end":{"line":259,"column":61}},"77":{"start":{"line":263,"column":26},"end":{"line":263,"column":42}}},"fnMap":{"0":{"name":"(anonymous_0)","decl":{"start":{"line":21,"column":2},"end":{"line":21,"column":3}},"loc":{"start":{"line":21,"column":16},"end":{"line":59,"column":3}},"line":21},"1":{"name":"(anonymous_1)","decl":{"start":{"line":31,"column":6},"end":{"line":31,"column":7}},"loc":{"start":{"line":31,"column":18},"end":{"line":37,"column":7}},"line":31},"2":{"name":"(anonymous_2)","decl":{"start":{"line":38,"column":6},"end":{"line":38,"column":7}},"loc":{"start":{"line":38,"column":17},"end":{"line":40,"column":7}},"line":38},"3":{"name":"(anonymous_3)","decl":{"start":{"line":45,"column":6},"end":{"line":45,"column":7}},"loc":{"start":{"line":45,"column":20},"end":{"line":45,"column":28}},"line":45},"4":{"name":"(anonymous_4)","decl":{"start":{"line":46,"column":6},"end":{"line":46,"column":7}},"loc":{"start":{"line":46,"column":17},"end":{"line":57,"column":7}},"line":46},"5":{"name":"(anonymous_5)","decl":{"start":{"line":62,"column":2},"end":{"line":62,"column":3}},"loc":{"start":{"line":62,"column":58},"end":{"line":65,"column":3}},"line":62},"6":{"name":"(anonymous_6)","decl":{"start":{"line":67,"column":2},"end":{"line":67,"column":3}},"loc":{"start":{"line":67,"column":73},"end":{"line":70,"column":3}},"line":67},"7":{"name":"(anonymous_7)","decl":{"start":{"line":72,"column":2},"end":{"line":72,"column":3}},"loc":{"start":{"line":72,"column":98},"end":{"line":75,"column":3}},"line":72},"8":{"name":"(anonymous_8)","decl":{"start":{"line":77,"column":2},"end":{"line":77,"column":3}},"loc":{"start":{"line":77,"column":65},"end":{"line":80,"column":3}},"line":77},"9":{"name":"(anonymous_9)","decl":{"start":{"line":82,"column":2},"end":{"line":82,"column":3}},"loc":{"start":{"line":82,"column":32},"end":{"line":84,"column":3}},"line":82},"10":{"name":"(anonymous_10)","decl":{"start":{"line":86,"column":2},"end":{"line":86,"column":3}},"loc":{"start":{"line":86,"column":40},"end":{"line":89,"column":3}},"line":86},"11":{"name":"(anonymous_11)","decl":{"start":{"line":91,"column":2},"end":{"line":91,"column":3}},"loc":{"start":{"line":91,"column":86},"end":{"line":94,"column":3}},"line":91},"12":{"name":"(anonymous_12)","decl":{"start":{"line":96,"column":2},"end":{"line":96,"column":3}},"loc":{"start":{"line":96,"column":84},"end":{"line":102,"column":3}},"line":96},"13":{"name":"(anonymous_13)","decl":{"start":{"line":105,"column":2},"end":{"line":105,"column":3}},"loc":{"start":{"line":105,"column":112},"end":{"line":110,"column":3}},"line":105},"14":{"name":"(anonymous_14)","decl":{"start":{"line":112,"column":2},"end":{"line":112,"column":3}},"loc":{"start":{"line":112,"column":47},"end":{"line":115,"column":3}},"line":112},"15":{"name":"(anonymous_15)","decl":{"start":{"line":117,"column":2},"end":{"line":117,"column":3}},"loc":{"start":{"line":117,"column":50},"end":{"line":120,"column":3}},"line":117},"16":{"name":"(anonymous_16)","decl":{"start":{"line":122,"column":2},"end":{"line":122,"column":3}},"loc":{"start":{"line":122,"column":90},"end":{"line":127,"column":3}},"line":122},"17":{"name":"(anonymous_17)","decl":{"start":{"line":129,"column":2},"end":{"line":129,"column":3}},"loc":{"start":{"line":129,"column":54},"end":{"line":134,"column":3}},"line":129},"18":{"name":"(anonymous_18)","decl":{"start":{"line":136,"column":2},"end":{"line":136,"column":3}},"loc":{"start":{"line":136,"column":53},"end":{"line":141,"column":3}},"line":136},"19":{"name":"(anonymous_19)","decl":{"start":{"line":143,"column":2},"end":{"line":143,"column":3}},"loc":{"start":{"line":143,"column":52},"end":{"line":148,"column":3}},"line":143},"20":{"name":"(anonymous_20)","decl":{"start":{"line":150,"column":2},"end":{"line":150,"column":3}},"loc":{"start":{"line":150,"column":66},"end":{"line":153,"column":3}},"line":150},"21":{"name":"(anonymous_21)","decl":{"start":{"line":155,"column":2},"end":{"line":155,"column":3}},"loc":{"start":{"line":155,"column":71},"end":{"line":158,"column":3}},"line":155},"22":{"name":"(anonymous_22)","decl":{"start":{"line":160,"column":2},"end":{"line":160,"column":3}},"loc":{"start":{"line":160,"column":93},"end":{"line":163,"column":3}},"line":160},"23":{"name":"(anonymous_23)","decl":{"start":{"line":165,"column":2},"end":{"line":165,"column":3}},"loc":{"start":{"line":165,"column":80},"end":{"line":170,"column":3}},"line":165},"24":{"name":"(anonymous_24)","decl":{"start":{"line":173,"column":2},"end":{"line":173,"column":3}},"loc":{"start":{"line":173,"column":72},"end":{"line":178,"column":3}},"line":173},"25":{"name":"(anonymous_25)","decl":{"start":{"line":180,"column":2},"end":{"line":180,"column":3}},"loc":{"start":{"line":180,"column":100},"end":{"line":185,"column":3}},"line":180},"26":{"name":"(anonymous_26)","decl":{"start":{"line":187,"column":2},"end":{"line":187,"column":3}},"loc":{"start":{"line":187,"column":118},"end":{"line":192,"column":3}},"line":187},"27":{"name":"(anonymous_27)","decl":{"start":{"line":194,"column":2},"end":{"line":194,"column":3}},"loc":{"start":{"line":194,"column":141},"end":{"line":200,"column":3}},"line":194},"28":{"name":"(anonymous_28)","decl":{"start":{"line":203,"column":2},"end":{"line":203,"column":3}},"loc":{"start":{"line":203,"column":96},"end":{"line":208,"column":3}},"line":203},"29":{"name":"(anonymous_29)","decl":{"start":{"line":210,"column":2},"end":{"line":210,"column":3}},"loc":{"start":{"line":210,"column":103},"end":{"line":216,"column":3}},"line":210},"30":{"name":"(anonymous_30)","decl":{"start":{"line":218,"column":2},"end":{"line":218,"column":3}},"loc":{"start":{"line":218,"column":96},"end":{"line":223,"column":3}},"line":218},"31":{"name":"(anonymous_31)","decl":{"start":{"line":225,"column":2},"end":{"line":225,"column":3}},"loc":{"start":{"line":225,"column":78},"end":{"line":230,"column":3}},"line":225},"32":{"name":"(anonymous_32)","decl":{"start":{"line":232,"column":2},"end":{"line":232,"column":3}},"loc":{"start":{"line":232,"column":104},"end":{"line":238,"column":3}},"line":232},"33":{"name":"(anonymous_33)","decl":{"start":{"line":240,"column":2},"end":{"line":240,"column":3}},"loc":{"start":{"line":240,"column":106},"end":{"line":246,"column":3}},"line":240},"34":{"name":"(anonymous_34)","decl":{"start":{"line":248,"column":2},"end":{"line":248,"column":3}},"loc":{"start":{"line":248,"column":66},"end":{"line":251,"column":3}},"line":248},"35":{"name":"(anonymous_35)","decl":{"start":{"line":254,"column":2},"end":{"line":254,"column":3}},"loc":{"start":{"line":254,"column":36},"end":{"line":256,"column":3}},"line":254},"36":{"name":"(anonymous_36)","decl":{"start":{"line":258,"column":2},"end":{"line":258,"column":3}},"loc":{"start":{"line":258,"column":25},"end":{"line":260,"column":3}},"line":258}},"branchMap":{"0":{"loc":{"start":{"line":33,"column":8},"end":{"line":35,"column":9}},"type":"if","locations":[{"start":{"line":33,"column":8},"end":{"line":35,"column":9}},{"start":{},"end":{}}],"line":33},"1":{"loc":{"start":{"line":47,"column":8},"end":{"line":55,"column":9}},"type":"if","locations":[{"start":{"line":47,"column":8},"end":{"line":55,"column":9}},{"start":{},"end":{}}],"line":47},"2":{"loc":{"start":{"line":49,"column":22},"end":{"line":49,"column":45}},"type":"binary-expr","locations":[{"start":{"line":49,"column":22},"end":{"line":49,"column":39}},{"start":{"line":49,"column":43},"end":{"line":49,"column":45}}],"line":49},"3":{"loc":{"start":{"line":50,"column":10},"end":{"line":54,"column":11}},"type":"if","locations":[{"start":{"line":50,"column":10},"end":{"line":54,"column":11}},{"start":{},"end":{}}],"line":50},"4":{"loc":{"start":{"line":50,"column":14},"end":{"line":50,"column":64}},"type":"binary-expr","locations":[{"start":{"line":50,"column":14},"end":{"line":50,"column":36}},{"start":{"line":50,"column":40},"end":{"line":50,"column":64}}],"line":50},"5":{"loc":{"start":{"line":105,"column":17},"end":{"line":105,"column":25}},"type":"default-arg","locations":[{"start":{"line":105,"column":24},"end":{"line":105,"column":25}}],"line":105},"6":{"loc":{"start":{"line":105,"column":27},"end":{"line":105,"column":36}},"type":"default-arg","locations":[{"start":{"line":105,"column":34},"end":{"line":105,"column":36}}],"line":105},"7":{"loc":{"start":{"line":105,"column":38},"end":{"line":105,"column":56}},"type":"default-arg","locations":[{"start":{"line":105,"column":45},"end":{"line":105,"column":56}}],"line":105},"8":{"loc":{"start":{"line":105,"column":58},"end":{"line":105,"column":76}},"type":"default-arg","locations":[{"start":{"line":105,"column":70},"end":{"line":105,"column":76}}],"line":105},"9":{"loc":{"start":{"line":122,"column":35},"end":{"line":122,"column":43}},"type":"default-arg","locations":[{"start":{"line":122,"column":42},"end":{"line":122,"column":43}}],"line":122},"10":{"loc":{"start":{"line":122,"column":45},"end":{"line":122,"column":54}},"type":"default-arg","locations":[{"start":{"line":122,"column":52},"end":{"line":122,"column":54}}],"line":122},"11":{"loc":{"start":{"line":129,"column":25},"end":{"line":129,"column":35}},"type":"default-arg","locations":[{"start":{"line":129,"column":33},"end":{"line":129,"column":35}}],"line":129},"12":{"loc":{"start":{"line":136,"column":24},"end":{"line":136,"column":34}},"type":"default-arg","locations":[{"start":{"line":136,"column":32},"end":{"line":136,"column":34}}],"line":136},"13":{"loc":{"start":{"line":143,"column":23},"end":{"line":143,"column":33}},"type":"default-arg","locations":[{"start":{"line":143,"column":31},"end":{"line":143,"column":33}}],"line":143},"14":{"loc":{"start":{"line":165,"column":25},"end":{"line":165,"column":33}},"type":"default-arg","locations":[{"start":{"line":165,"column":32},"end":{"line":165,"column":33}}],"line":165},"15":{"loc":{"start":{"line":165,"column":35},"end":{"line":165,"column":44}},"type":"default-arg","locations":[{"start":{"line":165,"column":42},"end":{"line":165,"column":44}}],"line":165},"16":{"loc":{"start":{"line":173,"column":27},"end":{"line":173,"column":37}},"type":"default-arg","locations":[{"start":{"line":173,"column":35},"end":{"line":173,"column":37}}],"line":173},"17":{"loc":{"start":{"line":180,"column":29},"end":{"line":180,"column":38}},"type":"default-arg","locations":[{"start":{"line":180,"column":37},"end":{"line":180,"column":38}}],"line":180},"18":{"loc":{"start":{"line":187,"column":40},"end":{"line":187,"column":50}},"type":"default-arg","locations":[{"start":{"line":187,"column":48},"end":{"line":187,"column":50}}],"line":187},"19":{"loc":{"start":{"line":203,"column":39},"end":{"line":203,"column":47}},"type":"default-arg","locations":[{"start":{"line":203,"column":46},"end":{"line":203,"column":47}}],"line":203},"20":{"loc":{"start":{"line":203,"column":49},"end":{"line":203,"column":58}},"type":"default-arg","locations":[{"start":{"line":203,"column":56},"end":{"line":203,"column":58}}],"line":203},"21":{"loc":{"start":{"line":218,"column":39},"end":{"line":218,"column":47}},"type":"default-arg","locations":[{"start":{"line":218,"column":46},"end":{"line":218,"column":47}}],"line":218},"22":{"loc":{"start":{"line":218,"column":49},"end":{"line":218,"column":58}},"type":"default-arg","locations":[{"start":{"line":218,"column":56},"end":{"line":218,"column":58}}],"line":218},"23":{"loc":{"start":{"line":225,"column":21},"end":{"line":225,"column":29}},"type":"default-arg","locations":[{"start":{"line":225,"column":28},"end":{"line":225,"column":29}}],"line":225},"24":{"loc":{"start":{"line":225,"column":31},"end":{"line":225,"column":40}},"type":"default-arg","locations":[{"start":{"line":225,"column":38},"end":{"line":225,"column":40}}],"line":225}},"s":{"0":0,"1":0,"2":0,"3":0,"4":0,"5":0,"6":0,"7":0,"8":0,"9":0,"10":0,"11":0,"12":0,"13":0,"14":0,"15":0,"16":0,"17":0,"18":0,"19":0,"20":0,"21":0,"22":0,"23":0,"24":0,"25":0,"26":0,"27":0,"28":0,"29":0,"30":0,"31":0,"32":0,"33":0,"34":0,"35":0,"36":0,"37":0,"38":0,"39":0,"40":0,"41":0,"42":0,"43":0,"44":0,"45":0,"46":0,"47":0,"48":0,"49":0,"50":0,"51":0,"52":0,"53":0,"54":0,"55":0,"56":0,"57":0,"58":0,"59":0,"60":0,"61":0,"62":0,"63":0,"64":0,"65":0,"66":0,"67":0,"68":0,"69":0,"70":0,"71":0,"72":0,"73":0,"74":0,"75":0,"76":0,"77":0},"f":{"0":0,"1":0,"2":0,"3":0,"4":0,"5":0,"6":0,"7":0,"8":0,"9":0,"10":0,"11":0,"12":0,"13":0,"14":0,"15":0,"16":0,"17":0,"18":0,"19":0,"20":0,"21":0,"22":0,"23":0,"24":0,"25":0,"26":0,"27":0,"28":0,"29":0,"30":0,"31":0,"32":0,"33":0,"34":0,"35":0,"36":0},"b":{"0":[0,0],"1":[0,0],"2":[0,0],"3":[0,0],"4":[0,0],"5":[0],"6":[0],"7":[0],"8":[0],"9":[0],"10":[0],"11":[0],"12":[0],"13":[0],"14":[0],"15":[0],"16":[0],"17":[0],"18":[0],"19":[0],"20":[0],"21":[0],"22":[0],"23":[0],"24":[0]}}
,"/Users/anupamg/Desktop/Code/Talentica/assignment-2/bookreview-frontend/src/theme/index.ts": {"path":"/Users/anupamg/Desktop/Code/Talentica/assignment-2/bookreview-frontend/src/theme/index.ts","statementMap":{"0":{"start":{"line":6,"column":15},"end":{"line":72,"column":1}},"1":{"start":{"line":75,"column":19},"end":{"line":160,"column":1}},"2":{"start":{"line":163,"column":19},"end":{"line":336,"column":1}},"3":{"start":{"line":339,"column":35},"end":{"line":364,"column":1}},"4":{"start":{"line":367,"column":14},"end":{"line":367,"column":39}},"5":{"start":{"line":370,"column":25},"end":{"line":393,"column":2}}},"fnMap":{},"branchMap":{},"s":{"0":0,"1":0,"2":0,"3":0,"4":0,"5":0},"f":{},"b":{}}
,"/Users/anupamg/Desktop/Code/Talentica/assignment-2/bookreview-frontend/src/types/index.ts": {"path":"/Users/anupamg/Desktop/Code/Talentica/assignment-2/bookreview-frontend/src/types/index.ts","statementMap":{},"fnMap":{},"branchMap":{},"s":{},"f":{},"b":{}}
}
