TN:
SF:src/App.tsx
FN:42,(anonymous_0)
FN:57,(anonymous_1)
FN:72,(anonymous_2)
FN:136,(anonymous_3)
FNF:4
FNH:0
FNDA:0,(anonymous_0)
FNDA:0,(anonymous_1)
FNDA:0,(anonymous_2)
FNDA:0,(anonymous_3)
DA:27,0
DA:42,0
DA:43,0
DA:45,0
DA:46,0
DA:49,0
DA:50,0
DA:53,0
DA:57,0
DA:58,0
DA:60,0
DA:61,0
DA:64,0
DA:65,0
DA:68,0
DA:72,0
DA:73,0
DA:136,0
DA:137,0
LF:19
LH:0
BRDA:45,0,0,0
BRDA:45,0,1,0
BRDA:49,1,0,0
BRDA:49,1,1,0
BRDA:60,2,0,0
BRDA:60,2,1,0
BRDA:64,3,0,0
BRDA:64,3,1,0
BRF:8
BRH:0
end_of_record
TN:
SF:src/main.tsx
FNF:0
FNH:0
DA:5,0
LF:1
LH:0
BRF:0
BRH:0
end_of_record
TN:
SF:src/components/FavoriteButton.tsx
FN:15,(anonymous_0)
FN:30,(anonymous_1)
FN:36,(anonymous_2)
FN:37,(anonymous_3)
FN:45,(anonymous_4)
FN:46,(anonymous_5)
FN:55,(anonymous_6)
FNF:7
FNH:0
FNDA:0,(anonymous_0)
FNDA:0,(anonymous_1)
FNDA:0,(anonymous_2)
FNDA:0,(anonymous_3)
FNDA:0,(anonymous_4)
FNDA:0,(anonymous_5)
FNDA:0,(anonymous_6)
DA:15,0
DA:21,0
DA:22,0
DA:28,0
DA:30,0
DA:35,0
DA:36,0
DA:38,0
DA:39,0
DA:44,0
DA:45,0
DA:47,0
DA:48,0
DA:52,0
DA:53,0
DA:55,0
DA:56,0
DA:58,0
DA:59,0
DA:62,0
DA:63,0
DA:65,0
DA:69,0
DA:70,0
DA:73,0
DA:74,0
DA:94,0
LF:27
LH:0
BRDA:17,0,0,0
BRDA:18,1,0,0
BRDA:19,2,0,0
BRDA:31,3,0,0
BRDA:31,3,1,0
BRDA:52,4,0,0
BRDA:52,4,1,0
BRDA:53,5,0,0
BRDA:53,5,1,0
BRDA:53,5,2,0
BRDA:58,6,0,0
BRDA:58,6,1,0
BRDA:62,7,0,0
BRDA:62,7,1,0
BRDA:69,8,0,0
BRDA:69,8,1,0
BRDA:73,9,0,0
BRDA:73,9,1,0
BRDA:75,10,0,0
BRDA:75,10,1,0
BRDA:79,11,0,0
BRDA:79,11,1,0
BRDA:82,12,0,0
BRDA:82,12,1,0
BRDA:83,13,0,0
BRDA:83,13,1,0
BRDA:84,14,0,0
BRDA:84,14,1,0
BRDA:97,15,0,0
BRDA:97,15,1,0
BRDA:98,16,0,0
BRDA:98,16,1,0
BRDA:100,17,0,0
BRDA:100,17,1,0
BRDA:102,18,0,0
BRDA:102,18,1,0
BRDA:111,19,0,0
BRDA:111,19,1,0
BRDA:111,20,0,0
BRDA:111,20,1,0
BRF:40
BRH:0
end_of_record
TN:
SF:src/components/RecommendationDashboard.tsx
FN:47,(anonymous_0)
FN:61,(anonymous_1)
FN:78,(anonymous_2)
FN:95,(anonymous_3)
FN:99,(anonymous_4)
FN:103,(anonymous_5)
FN:203,(anonymous_6)
FN:278,(anonymous_7)
FN:288,(anonymous_8)
FN:302,(anonymous_9)
FN:317,(anonymous_10)
FN:325,(anonymous_11)
FN:337,(anonymous_12)
FN:339,(anonymous_13)
FN:344,(anonymous_14)
FN:349,(anonymous_15)
FN:351,(anonymous_16)
FN:359,(anonymous_17)
FN:405,(anonymous_18)
FN:413,(anonymous_19)
FN:417,(anonymous_20)
FN:496,(anonymous_21)
FN:530,(anonymous_22)
FNF:23
FNH:0
FNDA:0,(anonymous_0)
FNDA:0,(anonymous_1)
FNDA:0,(anonymous_2)
FNDA:0,(anonymous_3)
FNDA:0,(anonymous_4)
FNDA:0,(anonymous_5)
FNDA:0,(anonymous_6)
FNDA:0,(anonymous_7)
FNDA:0,(anonymous_8)
FNDA:0,(anonymous_9)
FNDA:0,(anonymous_10)
FNDA:0,(anonymous_11)
FNDA:0,(anonymous_12)
FNDA:0,(anonymous_13)
FNDA:0,(anonymous_14)
FNDA:0,(anonymous_15)
FNDA:0,(anonymous_16)
FNDA:0,(anonymous_17)
FNDA:0,(anonymous_18)
FNDA:0,(anonymous_19)
FNDA:0,(anonymous_20)
FNDA:0,(anonymous_21)
FNDA:0,(anonymous_22)
DA:47,0
DA:52,0
DA:55,0
DA:56,0
DA:59,0
DA:61,0
DA:62,0
DA:64,0
DA:66,0
DA:68,0
DA:70,0
DA:72,0
DA:74,0
DA:78,0
DA:79,0
DA:81,0
DA:83,0
DA:85,0
DA:87,0
DA:89,0
DA:91,0
DA:95,0
DA:96,0
DA:99,0
DA:100,0
DA:103,0
DA:104,0
DA:107,0
DA:204,0
DA:278,0
DA:282,0
DA:283,0
DA:284,0
DA:285,0
DA:288,0
DA:289,0
DA:290,0
DA:300,0
DA:302,0
DA:315,0
DA:317,0
DA:325,0
DA:326,0
DA:327,0
DA:328,0
DA:329,0
DA:331,0
DA:336,0
DA:338,0
DA:344,0
DA:345,0
DA:346,0
DA:349,0
DA:350,0
DA:351,0
DA:352,0
DA:353,0
DA:355,0
DA:359,0
DA:360,0
DA:361,0
DA:363,0
DA:368,0
DA:369,0
DA:388,0
DA:389,0
DA:405,0
DA:406,0
DA:407,0
DA:409,0
DA:413,0
DA:414,0
DA:417,0
DA:418,0
DA:421,0
DA:422,0
DA:423,0
DA:425,0
DA:497,0
DA:531,0
LF:80
LH:0
BRDA:55,0,0,0
BRDA:55,0,1,0
BRDA:55,1,0,0
BRDA:55,1,1,0
BRDA:62,2,0,0
BRDA:62,2,1,0
BRDA:62,2,2,0
BRDA:62,2,3,0
BRDA:62,2,4,0
BRDA:62,2,5,0
BRDA:79,3,0,0
BRDA:79,3,1,0
BRDA:79,3,2,0
BRDA:79,3,3,0
BRDA:79,3,4,0
BRDA:79,3,5,0
BRDA:154,4,0,0
BRDA:154,4,1,0
BRDA:201,5,0,0
BRDA:201,5,1,0
BRDA:279,6,0,0
BRDA:280,7,0,0
BRDA:289,8,0,0
BRDA:289,8,1,0
BRDA:289,9,0,0
BRDA:289,9,1,0
BRDA:318,10,0,0
BRDA:318,10,1,0
BRDA:326,11,0,0
BRDA:326,11,1,0
BRDA:326,12,0,0
BRDA:326,12,1,0
BRDA:329,13,0,0
BRDA:329,13,1,0
BRDA:329,14,0,0
BRDA:329,14,1,0
BRDA:352,15,0,0
BRDA:352,15,1,0
BRDA:368,16,0,0
BRDA:368,16,1,0
BRDA:371,17,0,0
BRDA:371,17,1,0
BRDA:388,18,0,0
BRDA:388,18,1,0
BRDA:391,19,0,0
BRDA:391,19,1,0
BRDA:406,20,0,0
BRDA:406,20,1,0
BRDA:407,21,0,0
BRDA:407,21,1,0
BRDA:409,22,0,0
BRDA:409,22,1,0
BRDA:414,23,0,0
BRDA:414,23,1,0
BRDA:418,24,0,0
BRDA:418,24,1,0
BRDA:427,25,0,0
BRDA:427,25,1,0
BRDA:485,26,0,0
BRDA:485,26,1,0
BRDA:485,26,2,0
BRDA:494,27,0,0
BRDA:494,27,1,0
BRDA:509,28,0,0
BRDA:509,28,1,0
BRDA:515,29,0,0
BRDA:515,29,1,0
BRDA:517,30,0,0
BRDA:517,30,1,0
BRDA:523,31,0,0
BRDA:523,31,1,0
BRDA:531,32,0,0
BRDA:531,32,1,0
BRF:73
BRH:0
end_of_record
TN:
SF:src/components/Layout/Header.tsx
FN:33,(anonymous_0)
FN:48,(anonymous_1)
FN:58,(anonymous_2)
FN:74,(anonymous_3)
FN:82,(anonymous_4)
FN:86,(anonymous_5)
FN:90,(anonymous_6)
FN:94,(anonymous_7)
FN:98,(anonymous_8)
FN:108,(anonymous_9)
FN:115,(anonymous_10)
FN:274,(anonymous_11)
FN:278,(anonymous_12)
FN:282,(anonymous_13)
FN:307,(anonymous_14)
FN:310,(anonymous_15)
FN:313,(anonymous_16)
FNF:17
FNH:0
FNDA:0,(anonymous_0)
FNDA:0,(anonymous_1)
FNDA:0,(anonymous_2)
FNDA:0,(anonymous_3)
FNDA:0,(anonymous_4)
FNDA:0,(anonymous_5)
FNDA:0,(anonymous_6)
FNDA:0,(anonymous_7)
FNDA:0,(anonymous_8)
FNDA:0,(anonymous_9)
FNDA:0,(anonymous_10)
FNDA:0,(anonymous_11)
FNDA:0,(anonymous_12)
FNDA:0,(anonymous_13)
FNDA:0,(anonymous_14)
FNDA:0,(anonymous_15)
FNDA:0,(anonymous_16)
DA:33,0
DA:48,0
DA:58,0
DA:74,0
DA:76,0
DA:77,0
DA:78,0
DA:79,0
DA:80,0
DA:82,0
DA:83,0
DA:86,0
DA:87,0
DA:90,0
DA:91,0
DA:94,0
DA:95,0
DA:98,0
DA:99,0
DA:100,0
DA:101,0
DA:102,0
DA:104,0
DA:108,0
DA:109,0
DA:110,0
DA:111,0
DA:115,0
DA:116,0
DA:119,0
DA:274,0
DA:278,0
DA:282,0
DA:307,0
DA:310,0
DA:313,0
LF:36
LH:0
BRDA:110,0,0,0
BRDA:110,0,1,0
BRDA:195,1,0,0
BRDA:195,1,1,0
BRDA:204,2,0,0
BRDA:204,2,1,0
BRF:6
BRH:0
end_of_record
TN:
SF:src/components/Layout/Layout.tsx
FN:14,(anonymous_0)
FNF:1
FNH:0
FNDA:0,(anonymous_0)
DA:14,0
DA:19,0
LF:2
LH:0
BRDA:16,0,0,0
BRDA:17,1,0,0
BRF:2
BRH:0
end_of_record
TN:
SF:src/contexts/AuthContext.tsx
FN:32,(anonymous_0)
FN:83,(anonymous_1)
FN:87,(anonymous_2)
FN:88,(anonymous_3)
FN:125,(anonymous_4)
FN:163,(anonymous_5)
FN:183,(anonymous_6)
FN:198,(anonymous_7)
FN:218,(anonymous_8)
FN:235,(anonymous_9)
FN:272,(anonymous_10)
FNF:11
FNH:0
FNDA:0,(anonymous_0)
FNDA:0,(anonymous_1)
FNDA:0,(anonymous_2)
FNDA:0,(anonymous_3)
FNDA:0,(anonymous_4)
FNDA:0,(anonymous_5)
FNDA:0,(anonymous_6)
FNDA:0,(anonymous_7)
FNDA:0,(anonymous_8)
FNDA:0,(anonymous_9)
FNDA:0,(anonymous_10)
DA:24,0
DA:32,0
DA:33,0
DA:35,0
DA:40,0
DA:48,0
DA:56,0
DA:64,0
DA:71,0
DA:76,0
DA:83,0
DA:84,0
DA:87,0
DA:88,0
DA:89,0
DA:90,0
DA:92,0
DA:93,0
DA:95,0
DA:96,0
DA:97,0
DA:98,0
DA:99,0
DA:105,0
DA:106,0
DA:107,0
DA:111,0
DA:112,0
DA:113,0
DA:114,0
DA:117,0
DA:121,0
DA:125,0
DA:126,0
DA:128,0
DA:129,0
DA:130,0
DA:133,0
DA:145,0
DA:146,0
DA:149,0
DA:152,0
DA:157,0
DA:158,0
DA:163,0
DA:164,0
DA:166,0
DA:167,0
DA:169,0
DA:171,0
DA:173,0
DA:174,0
DA:177,0
DA:178,0
DA:183,0
DA:184,0
DA:185,0
DA:187,0
DA:190,0
DA:191,0
DA:192,0
DA:193,0
DA:198,0
DA:199,0
DA:201,0
DA:202,0
DA:204,0
DA:206,0
DA:207,0
DA:209,0
DA:212,0
DA:213,0
DA:218,0
DA:219,0
DA:220,0
DA:223,0
DA:224,0
DA:226,0
DA:227,0
DA:230,0
DA:235,0
DA:236,0
DA:237,0
DA:240,0
DA:241,0
DA:242,0
DA:243,0
DA:245,0
DA:251,0
DA:264,0
DA:272,0
DA:273,0
DA:274,0
DA:275,0
DA:277,0
LF:95
LH:0
BRDA:33,0,0,0
BRDA:33,0,1,0
BRDA:33,0,2,0
BRDA:33,0,3,0
BRDA:33,0,4,0
BRDA:33,0,5,0
BRDA:92,1,0,0
BRDA:92,1,1,0
BRDA:92,2,0,0
BRDA:92,2,1,0
BRDA:96,3,0,0
BRDA:96,3,1,0
BRDA:169,4,0,0
BRDA:169,4,1,0
BRDA:169,5,0,0
BRDA:169,5,1,0
BRDA:174,6,0,0
BRDA:174,6,1,0
BRDA:204,7,0,0
BRDA:204,7,1,0
BRDA:204,8,0,0
BRDA:204,8,1,0
BRDA:209,9,0,0
BRDA:209,9,1,0
BRDA:219,10,0,0
BRDA:219,10,1,0
BRDA:226,11,0,0
BRDA:226,11,1,0
BRDA:227,12,0,0
BRDA:227,12,1,0
BRDA:236,13,0,0
BRDA:236,13,1,0
BRDA:274,14,0,0
BRDA:274,14,1,0
BRF:34
BRH:0
end_of_record
TN:
SF:src/pages/BookDetailsPage.tsx
FN:67,(anonymous_0)
FN:100,(anonymous_1)
FN:111,(anonymous_2)
FN:121,(anonymous_3)
FN:127,(anonymous_4)
FN:128,(anonymous_5)
FN:135,(anonymous_6)
FN:136,(anonymous_7)
FN:143,(anonymous_8)
FN:145,(anonymous_9)
FN:152,(anonymous_10)
FN:157,(anonymous_11)
FN:170,(anonymous_12)
FN:179,(anonymous_13)
FN:207,(anonymous_14)
FN:227,(anonymous_15)
FN:295,(anonymous_16)
FN:319,(anonymous_17)
FN:372,(anonymous_18)
FN:386,(anonymous_19)
FN:409,(anonymous_20)
FN:422,(anonymous_21)
FN:462,(anonymous_22)
FN:479,(anonymous_23)
FN:497,(anonymous_24)
FN:513,(anonymous_25)
FNF:26
FNH:0
FNDA:0,(anonymous_0)
FNDA:0,(anonymous_1)
FNDA:0,(anonymous_2)
FNDA:0,(anonymous_3)
FNDA:0,(anonymous_4)
FNDA:0,(anonymous_5)
FNDA:0,(anonymous_6)
FNDA:0,(anonymous_7)
FNDA:0,(anonymous_8)
FNDA:0,(anonymous_9)
FNDA:0,(anonymous_10)
FNDA:0,(anonymous_11)
FNDA:0,(anonymous_12)
FNDA:0,(anonymous_13)
FNDA:0,(anonymous_14)
FNDA:0,(anonymous_15)
FNDA:0,(anonymous_16)
FNDA:0,(anonymous_17)
FNDA:0,(anonymous_18)
FNDA:0,(anonymous_19)
FNDA:0,(anonymous_20)
FNDA:0,(anonymous_21)
FNDA:0,(anonymous_22)
FNDA:0,(anonymous_23)
FNDA:0,(anonymous_24)
FNDA:0,(anonymous_25)
DA:50,0
DA:67,0
DA:68,0
DA:69,0
DA:70,0
DA:71,0
DA:73,0
DA:74,0
DA:75,0
DA:77,0
DA:85,0
DA:98,0
DA:100,0
DA:109,0
DA:111,0
DA:119,0
DA:121,0
DA:126,0
DA:127,0
DA:129,0
DA:134,0
DA:135,0
DA:137,0
DA:142,0
DA:144,0
DA:146,0
DA:147,0
DA:148,0
DA:149,0
DA:150,0
DA:153,0
DA:157,0
DA:158,0
DA:159,0
DA:160,0
DA:163,0
DA:164,0
DA:166,0
DA:170,0
DA:171,0
DA:172,0
DA:173,0
DA:175,0
DA:176,0
DA:179,0
DA:180,0
DA:183,0
DA:184,0
DA:198,0
DA:199,0
DA:207,0
DA:217,0
DA:218,0
DA:220,0
DA:227,0
DA:296,0
DA:320,0
DA:321,0
DA:323,0
DA:373,0
DA:374,0
DA:376,0
DA:387,0
DA:410,0
DA:411,0
DA:413,0
DA:423,0
DA:462,0
DA:480,0
DA:498,0
DA:513,0
LF:71
LH:0
BRDA:77,0,0,0
BRDA:77,0,1,0
BRDA:122,1,0,0
BRDA:122,1,1,0
BRDA:144,2,0,0
BRDA:144,2,1,0
BRDA:153,3,0,0
BRDA:153,3,1,0
BRDA:158,4,0,0
BRDA:158,4,1,0
BRDA:163,5,0,0
BRDA:163,5,1,0
BRDA:171,6,0,0
BRDA:171,6,1,0
BRDA:183,7,0,0
BRDA:183,7,1,0
BRDA:198,8,0,0
BRDA:198,8,1,0
BRDA:198,9,0,0
BRDA:198,9,1,0
BRDA:217,10,0,0
BRDA:217,10,1,0
BRDA:218,11,0,0
BRDA:218,11,1,0
BRDA:245,12,0,0
BRDA:245,12,1,0
BRDA:285,13,0,0
BRDA:285,13,1,0
BRDA:293,14,0,0
BRDA:293,14,1,0
BRDA:308,15,0,0
BRDA:308,15,1,0
BRDA:318,16,0,0
BRDA:318,16,1,0
BRDA:320,17,0,0
BRDA:320,17,1,0
BRDA:328,18,0,0
BRDA:328,18,1,0
BRDA:332,19,0,0
BRDA:332,19,1,0
BRDA:333,20,0,0
BRDA:333,20,1,0
BRDA:335,21,0,0
BRDA:335,21,1,0
BRDA:335,21,2,0
BRDA:336,22,0,0
BRDA:336,22,1,0
BRDA:339,23,0,0
BRDA:339,23,1,0
BRDA:340,24,0,0
BRDA:340,24,1,0
BRDA:354,25,0,0
BRDA:354,25,1,0
BRDA:373,26,0,0
BRDA:373,26,1,0
BRDA:384,27,0,0
BRDA:384,27,1,0
BRDA:394,28,0,0
BRDA:394,28,1,0
BRDA:398,29,0,0
BRDA:398,29,1,0
BRDA:410,30,0,0
BRDA:410,30,1,0
BRDA:427,31,0,0
BRDA:427,31,1,0
BRDA:437,32,0,0
BRDA:437,32,1,0
BRDA:446,33,0,0
BRDA:446,33,1,0
BRDA:446,33,2,0
BRDA:466,34,0,0
BRDA:466,34,1,0
BRDA:487,35,0,0
BRDA:487,35,1,0
BRDA:519,36,0,0
BRDA:519,36,1,0
BRDA:520,37,0,0
BRDA:520,37,1,0
BRF:78
BRH:0
end_of_record
TN:
SF:src/pages/BooksPage.tsx
FN:32,(anonymous_0)
FN:48,(anonymous_1)
FN:70,(anonymous_2)
FN:77,(anonymous_3)
FN:111,(anonymous_4)
FN:151,(anonymous_5)
FN:211,(anonymous_6)
FN:228,(anonymous_7)
FNF:8
FNH:0
FNDA:0,(anonymous_0)
FNDA:0,(anonymous_1)
FNDA:0,(anonymous_2)
FNDA:0,(anonymous_3)
FNDA:0,(anonymous_4)
FNDA:0,(anonymous_5)
FNDA:0,(anonymous_6)
FNDA:0,(anonymous_7)
DA:32,0
DA:33,0
DA:34,0
DA:35,0
DA:36,0
DA:38,0
DA:39,0
DA:41,0
DA:48,0
DA:49,0
DA:50,0
DA:51,0
DA:52,0
DA:53,0
DA:54,0
DA:56,0
DA:65,0
DA:70,0
DA:71,0
DA:72,0
DA:73,0
DA:74,0
DA:77,0
DA:78,0
DA:82,0
DA:84,0
DA:85,0
DA:96,0
DA:111,0
DA:152,0
DA:212,0
DA:228,0
LF:32
LH:0
BRDA:39,0,0,0
BRDA:39,0,1,0
BRDA:41,1,0,0
BRDA:41,1,1,0
BRDA:43,2,0,0
BRDA:43,2,1,0
BRDA:49,3,0,0
BRDA:49,3,1,0
BRDA:51,4,0,0
BRDA:51,4,1,0
BRDA:53,5,0,0
BRDA:53,5,1,0
BRDA:82,6,0,0
BRDA:82,6,1,0
BRDA:82,7,0,0
BRDA:82,7,1,0
BRDA:82,7,2,0
BRDA:84,8,0,0
BRDA:84,8,1,0
BRDA:131,9,0,0
BRDA:131,9,1,0
BRDA:138,10,0,0
BRDA:138,10,1,0
BRDA:140,11,0,0
BRDA:140,11,1,0
BRDA:146,12,0,0
BRDA:146,12,1,0
BRDA:172,13,0,0
BRDA:172,13,1,0
BRDA:209,14,0,0
BRDA:209,14,1,0
BRDA:237,15,0,0
BRDA:237,15,1,0
BRDA:249,16,0,0
BRDA:249,16,1,0
BRDA:252,17,0,0
BRDA:252,17,1,0
BRF:37
BRH:0
end_of_record
TN:
SF:src/pages/FavoritesPage.tsx
FN:48,(anonymous_0)
FN:72,(anonymous_1)
FN:78,(anonymous_2)
FN:79,(anonymous_3)
FN:94,(anonymous_4)
FN:105,(anonymous_5)
FN:106,(anonymous_6)
FN:111,(anonymous_7)
FN:116,(anonymous_8)
FN:125,(anonymous_9)
FN:133,(anonymous_10)
FN:139,(anonymous_11)
FN:175,(anonymous_12)
FN:179,(anonymous_13)
FN:181,(anonymous_14)
FN:191,(anonymous_15)
FN:198,(anonymous_16)
FN:210,(anonymous_17)
FN:257,(anonymous_18)
FN:275,(anonymous_19)
FN:289,(anonymous_20)
FN:297,(anonymous_21)
FN:325,(anonymous_22)
FN:370,(anonymous_23)
FN:388,(anonymous_24)
FN:405,(anonymous_25)
FN:443,(anonymous_26)
FN:462,(anonymous_27)
FN:465,(anonymous_28)
FN:481,(anonymous_29)
FN:499,(anonymous_30)
FN:512,(anonymous_31)
FN:518,(anonymous_32)
FN:548,(anonymous_33)
FNF:34
FNH:0
FNDA:0,(anonymous_0)
FNDA:0,(anonymous_1)
FNDA:0,(anonymous_2)
FNDA:0,(anonymous_3)
FNDA:0,(anonymous_4)
FNDA:0,(anonymous_5)
FNDA:0,(anonymous_6)
FNDA:0,(anonymous_7)
FNDA:0,(anonymous_8)
FNDA:0,(anonymous_9)
FNDA:0,(anonymous_10)
FNDA:0,(anonymous_11)
FNDA:0,(anonymous_12)
FNDA:0,(anonymous_13)
FNDA:0,(anonymous_14)
FNDA:0,(anonymous_15)
FNDA:0,(anonymous_16)
FNDA:0,(anonymous_17)
FNDA:0,(anonymous_18)
FNDA:0,(anonymous_19)
FNDA:0,(anonymous_20)
FNDA:0,(anonymous_21)
FNDA:0,(anonymous_22)
FNDA:0,(anonymous_23)
FNDA:0,(anonymous_24)
FNDA:0,(anonymous_25)
FNDA:0,(anonymous_26)
FNDA:0,(anonymous_27)
FNDA:0,(anonymous_28)
FNDA:0,(anonymous_29)
FNDA:0,(anonymous_30)
FNDA:0,(anonymous_31)
FNDA:0,(anonymous_32)
FNDA:0,(anonymous_33)
DA:48,0
DA:49,0
DA:50,0
DA:51,0
DA:54,0
DA:55,0
DA:56,0
DA:57,0
DA:70,0
DA:72,0
DA:77,0
DA:78,0
DA:80,0
DA:85,0
DA:86,0
DA:94,0
DA:105,0
DA:106,0
DA:107,0
DA:111,0
DA:112,0
DA:116,0
DA:117,0
DA:119,0
DA:122,0
DA:123,0
DA:124,0
DA:126,0
DA:132,0
DA:133,0
DA:134,0
DA:139,0
DA:143,0
DA:145,0
DA:146,0
DA:147,0
DA:149,0
DA:150,0
DA:151,0
DA:153,0
DA:154,0
DA:155,0
DA:157,0
DA:158,0
DA:159,0
DA:162,0
DA:163,0
DA:164,0
DA:167,0
DA:168,0
DA:171,0
DA:175,0
DA:176,0
DA:178,0
DA:179,0
DA:180,0
DA:181,0
DA:182,0
DA:187,0
DA:191,0
DA:192,0
DA:193,0
DA:198,0
DA:199,0
DA:200,0
DA:210,0
DA:258,0
DA:276,0
DA:277,0
DA:289,0
DA:298,0
DA:299,0
DA:314,0
DA:325,0
DA:371,0
DA:389,0
DA:390,0
DA:406,0
DA:407,0
DA:421,0
DA:443,0
DA:462,0
DA:466,0
DA:481,0
DA:499,0
DA:512,0
DA:518,0
DA:548,0
LF:88
LH:0
BRDA:85,0,0,0
BRDA:85,0,1,0
BRDA:117,1,0,0
BRDA:117,1,1,0
BRDA:122,2,0,0
BRDA:122,2,1,0
BRDA:126,3,0,0
BRDA:126,3,1,0
BRDA:132,4,0,0
BRDA:132,4,1,0
BRDA:143,5,0,0
BRDA:143,5,1,0
BRDA:143,5,2,0
BRDA:143,5,3,0
BRDA:143,5,4,0
BRDA:143,5,5,0
BRDA:157,6,0,0
BRDA:157,6,1,0
BRDA:158,7,0,0
BRDA:158,7,1,0
BRDA:167,8,0,0
BRDA:167,8,1,0
BRDA:167,9,0,0
BRDA:167,9,1,0
BRDA:168,10,0,0
BRDA:168,10,1,0
BRDA:176,11,0,0
BRDA:176,11,1,0
BRDA:180,12,0,0
BRDA:180,12,1,0
BRDA:192,13,0,0
BRDA:192,13,1,0
BRDA:199,14,0,0
BRDA:199,14,1,0
BRDA:219,15,0,0
BRDA:219,15,1,0
BRDA:255,16,0,0
BRDA:255,16,1,0
BRDA:333,17,0,0
BRDA:333,17,1,0
BRDA:368,18,0,0
BRDA:368,18,1,0
BRDA:430,19,0,0
BRDA:430,19,1,0
BRDA:511,20,0,0
BRDA:511,20,1,0
BRDA:517,21,0,0
BRDA:517,21,1,0
BRDA:528,22,0,0
BRDA:528,22,1,0
BRDA:532,23,0,0
BRDA:532,23,1,0
BRDA:536,24,0,0
BRDA:536,24,1,0
BRDA:539,25,0,0
BRDA:539,25,1,0
BRDA:539,26,0,0
BRDA:539,26,1,0
BRDA:542,27,0,0
BRDA:542,27,1,0
BRDA:542,28,0,0
BRDA:542,28,1,0
BRDA:556,29,0,0
BRDA:556,29,1,0
BRDA:567,30,0,0
BRDA:567,30,1,0
BRDA:567,30,2,0
BRF:67
BRH:0
end_of_record
TN:
SF:src/pages/HomePage.tsx
FN:41,(anonymous_0)
FN:60,(anonymous_1)
FN:102,(anonymous_2)
FN:105,(anonymous_3)
FN:180,(anonymous_4)
FN:197,(anonymous_5)
FN:228,(anonymous_6)
FN:248,(anonymous_7)
FN:298,(anonymous_8)
FN:308,(anonymous_9)
FN:319,(anonymous_10)
FN:328,(anonymous_11)
FN:337,(anonymous_12)
FN:367,(anonymous_13)
FN:397,(anonymous_14)
FN:407,(anonymous_15)
FNF:16
FNH:0
FNDA:0,(anonymous_0)
FNDA:0,(anonymous_1)
FNDA:0,(anonymous_2)
FNDA:0,(anonymous_3)
FNDA:0,(anonymous_4)
FNDA:0,(anonymous_5)
FNDA:0,(anonymous_6)
FNDA:0,(anonymous_7)
FNDA:0,(anonymous_8)
FNDA:0,(anonymous_9)
FNDA:0,(anonymous_10)
FNDA:0,(anonymous_11)
FNDA:0,(anonymous_12)
FNDA:0,(anonymous_13)
FNDA:0,(anonymous_14)
FNDA:0,(anonymous_15)
DA:41,0
DA:42,0
DA:49,0
DA:61,0
DA:102,0
DA:103,0
DA:105,0
DA:106,0
DA:109,0
DA:181,0
DA:198,0
DA:199,0
DA:228,0
DA:236,0
DA:238,0
DA:239,0
DA:249,0
DA:265,0
DA:266,0
DA:273,0
DA:299,0
DA:308,0
DA:309,0
DA:310,0
DA:317,0
DA:319,0
DA:326,0
DA:328,0
DA:335,0
DA:337,0
DA:340,0
DA:367,0
DA:397,0
DA:407,0
LF:34
LH:0
BRDA:134,0,0,0
BRDA:134,0,1,0
BRDA:178,1,0,0
BRDA:178,1,1,0
BRDA:209,2,0,0
BRDA:209,2,1,0
BRDA:238,3,0,0
BRDA:238,3,1,0
BRDA:265,4,0,0
BRDA:265,4,1,0
BRDA:362,5,0,0
BRDA:362,5,1,0
BRDA:420,6,0,0
BRDA:420,6,1,0
BRDA:427,7,0,0
BRDA:427,7,1,0
BRDA:437,8,0,0
BRDA:437,8,1,0
BRDA:447,9,0,0
BRDA:447,9,1,0
BRF:20
BRH:0
end_of_record
TN:
SF:src/pages/MyReviewsPage.tsx
FN:39,(anonymous_0)
FN:63,(anonymous_1)
FN:69,(anonymous_2)
FN:73,(anonymous_3)
FN:81,(anonymous_4)
FN:82,(anonymous_5)
FN:88,(anonymous_6)
FN:124,(anonymous_7)
FN:134,(anonymous_8)
FN:154,(anonymous_9)
FN:169,(anonymous_10)
FN:182,(anonymous_11)
FN:189,(anonymous_12)
FN:190,(anonymous_13)
FN:203,(anonymous_14)
FN:245,(anonymous_15)
FN:254,(anonymous_16)
FN:277,(anonymous_17)
FN:300,(anonymous_18)
FN:308,(anonymous_19)
FN:333,(anonymous_20)
FN:345,(anonymous_21)
FN:369,(anonymous_22)
FN:380,(anonymous_23)
FN:390,(anonymous_24)
FN:420,(anonymous_25)
FN:441,(anonymous_26)
FN:444,(anonymous_27)
FN:481,(anonymous_28)
FN:526,(anonymous_29)
FN:538,(anonymous_30)
FN:548,(anonymous_31)
FNF:32
FNH:0
FNDA:0,(anonymous_0)
FNDA:0,(anonymous_1)
FNDA:0,(anonymous_2)
FNDA:0,(anonymous_3)
FNDA:0,(anonymous_4)
FNDA:0,(anonymous_5)
FNDA:0,(anonymous_6)
FNDA:0,(anonymous_7)
FNDA:0,(anonymous_8)
FNDA:0,(anonymous_9)
FNDA:0,(anonymous_10)
FNDA:0,(anonymous_11)
FNDA:0,(anonymous_12)
FNDA:0,(anonymous_13)
FNDA:0,(anonymous_14)
FNDA:0,(anonymous_15)
FNDA:0,(anonymous_16)
FNDA:0,(anonymous_17)
FNDA:0,(anonymous_18)
FNDA:0,(anonymous_19)
FNDA:0,(anonymous_20)
FNDA:0,(anonymous_21)
FNDA:0,(anonymous_22)
FNDA:0,(anonymous_23)
FNDA:0,(anonymous_24)
FNDA:0,(anonymous_25)
FNDA:0,(anonymous_26)
FNDA:0,(anonymous_27)
FNDA:0,(anonymous_28)
FNDA:0,(anonymous_29)
FNDA:0,(anonymous_30)
FNDA:0,(anonymous_31)
DA:39,0
DA:40,0
DA:41,0
DA:44,0
DA:45,0
DA:46,0
DA:47,0
DA:50,0
DA:51,0
DA:52,0
DA:53,0
DA:54,0
DA:61,0
DA:63,0
DA:68,0
DA:70,0
DA:74,0
DA:75,0
DA:80,0
DA:81,0
DA:83,0
DA:88,0
DA:89,0
DA:91,0
DA:93,0
DA:110,0
DA:111,0
DA:114,0
DA:115,0
DA:116,0
DA:117,0
DA:118,0
DA:120,0
DA:124,0
DA:125,0
DA:126,0
DA:127,0
DA:128,0
DA:129,0
DA:130,0
DA:134,0
DA:135,0
DA:136,0
DA:137,0
DA:138,0
DA:141,0
DA:142,0
DA:143,0
DA:144,0
DA:146,0
DA:147,0
DA:149,0
DA:154,0
DA:155,0
DA:156,0
DA:165,0
DA:169,0
DA:170,0
DA:171,0
DA:172,0
DA:182,0
DA:183,0
DA:184,0
DA:189,0
DA:190,0
DA:194,0
DA:195,0
DA:203,0
DA:213,0
DA:245,0
DA:255,0
DA:278,0
DA:300,0
DA:308,0
DA:333,0
DA:345,0
DA:370,0
DA:380,0
DA:390,0
DA:420,0
DA:442,0
DA:444,0
DA:482,0
DA:527,0
DA:538,0
DA:548,0
LF:86
LH:0
BRDA:70,0,0,0
BRDA:70,0,1,0
BRDA:72,1,0,0
BRDA:72,1,1,0
BRDA:89,2,0,0
BRDA:89,2,1,0
BRDA:99,3,0,0
BRDA:99,3,1,0
BRDA:100,4,0,0
BRDA:100,4,1,0
BRDA:101,5,0,0
BRDA:101,5,1,0
BRDA:102,6,0,0
BRDA:102,6,1,0
BRDA:103,7,0,0
BRDA:103,7,1,0
BRDA:104,8,0,0
BRDA:104,8,1,0
BRDA:136,9,0,0
BRDA:136,9,1,0
BRDA:171,10,0,0
BRDA:171,10,1,0
BRDA:171,11,0,0
BRDA:171,11,1,0
BRDA:176,12,0,0
BRDA:176,12,1,0
BRDA:183,13,0,0
BRDA:183,13,1,0
BRDA:194,14,0,0
BRDA:194,14,1,0
BRDA:221,15,0,0
BRDA:221,15,1,0
BRDA:225,16,0,0
BRDA:225,16,1,0
BRDA:229,17,0,0
BRDA:229,17,1,0
BRDA:233,18,0,0
BRDA:233,18,1,0
BRDA:275,19,0,0
BRDA:275,19,1,0
BRDA:283,20,0,0
BRDA:283,20,1,0
BRDA:317,21,0,0
BRDA:317,21,1,0
BRDA:319,22,0,0
BRDA:319,22,1,0
BRDA:319,23,0,0
BRDA:319,23,1,0
BRDA:328,24,0,0
BRDA:328,24,1,0
BRDA:328,24,2,0
BRDA:353,25,0,0
BRDA:353,25,1,0
BRDA:353,26,0,0
BRDA:353,26,1,0
BRDA:356,27,0,0
BRDA:356,27,1,0
BRDA:356,28,0,0
BRDA:356,28,1,0
BRDA:367,29,0,0
BRDA:367,29,1,0
BRDA:379,30,0,0
BRDA:379,30,1,0
BRDA:380,31,0,0
BRDA:380,31,1,0
BRDA:389,32,0,0
BRDA:389,32,1,0
BRDA:397,33,0,0
BRDA:397,33,1,0
BRDA:414,34,0,0
BRDA:414,34,1,0
BRDA:428,35,0,0
BRDA:428,35,1,0
BRDA:437,36,0,0
BRDA:437,36,1,0
BRDA:439,37,0,0
BRDA:439,37,1,0
BRDA:468,38,0,0
BRDA:468,38,1,0
BRDA:479,39,0,0
BRDA:479,39,1,0
BRDA:490,40,0,0
BRDA:490,40,1,0
BRDA:494,41,0,0
BRDA:494,41,1,0
BRDA:502,42,0,0
BRDA:502,42,1,0
BRDA:514,43,0,0
BRDA:514,43,1,0
BRDA:514,43,2,0
BRDA:524,44,0,0
BRDA:524,44,1,0
BRDA:537,45,0,0
BRDA:537,45,1,0
BRDA:538,46,0,0
BRDA:538,46,1,0
BRDA:547,47,0,0
BRDA:547,47,1,0
BRDA:558,48,0,0
BRDA:558,48,1,0
BRDA:560,49,0,0
BRDA:560,49,1,0
BRF:102
BRH:0
end_of_record
TN:
SF:src/pages/NotFoundPage.tsx
FN:9,(anonymous_0)
FN:43,(anonymous_1)
FN:52,(anonymous_2)
FNF:3
FNH:0
FNDA:0,(anonymous_0)
FNDA:0,(anonymous_1)
FNDA:0,(anonymous_2)
DA:9,0
DA:10,0
DA:12,0
DA:43,0
DA:52,0
LF:5
LH:0
BRF:0
BRH:0
end_of_record
TN:
SF:src/pages/ProfilePage.tsx
FN:58,(anonymous_0)
FN:93,(anonymous_1)
FN:104,(anonymous_2)
FN:108,(anonymous_3)
FN:139,(anonymous_4)
FN:160,(anonymous_5)
FN:172,(anonymous_6)
FN:220,(anonymous_7)
FN:226,(anonymous_8)
FN:272,(anonymous_9)
FN:281,(anonymous_10)
FN:322,(anonymous_11)
FN:376,(anonymous_12)
FN:406,(anonymous_13)
FN:446,(anonymous_14)
FN:461,(anonymous_15)
FN:474,(anonymous_16)
FN:483,(anonymous_17)
FN:491,(anonymous_18)
FN:499,(anonymous_19)
FN:506,(anonymous_20)
FN:518,(anonymous_21)
FN:526,(anonymous_22)
FN:535,(anonymous_23)
FN:544,(anonymous_24)
FN:553,(anonymous_25)
FN:561,(anonymous_26)
FN:563,(anonymous_27)
FNF:28
FNH:0
FNDA:0,(anonymous_0)
FNDA:0,(anonymous_1)
FNDA:0,(anonymous_2)
FNDA:0,(anonymous_3)
FNDA:0,(anonymous_4)
FNDA:0,(anonymous_5)
FNDA:0,(anonymous_6)
FNDA:0,(anonymous_7)
FNDA:0,(anonymous_8)
FNDA:0,(anonymous_9)
FNDA:0,(anonymous_10)
FNDA:0,(anonymous_11)
FNDA:0,(anonymous_12)
FNDA:0,(anonymous_13)
FNDA:0,(anonymous_14)
FNDA:0,(anonymous_15)
FNDA:0,(anonymous_16)
FNDA:0,(anonymous_17)
FNDA:0,(anonymous_18)
FNDA:0,(anonymous_19)
FNDA:0,(anonymous_20)
FNDA:0,(anonymous_21)
FNDA:0,(anonymous_22)
FNDA:0,(anonymous_23)
FNDA:0,(anonymous_24)
FNDA:0,(anonymous_25)
FNDA:0,(anonymous_26)
FNDA:0,(anonymous_27)
DA:58,0
DA:59,0
DA:60,0
DA:63,0
DA:64,0
DA:65,0
DA:68,0
DA:74,0
DA:80,0
DA:88,0
DA:89,0
DA:90,0
DA:93,0
DA:94,0
DA:95,0
DA:104,0
DA:105,0
DA:108,0
DA:109,0
DA:110,0
DA:111,0
DA:113,0
DA:114,0
DA:116,0
DA:117,0
DA:119,0
DA:120,0
DA:122,0
DA:123,0
DA:126,0
DA:127,0
DA:128,0
DA:131,0
DA:133,0
DA:135,0
DA:139,0
DA:140,0
DA:141,0
DA:142,0
DA:144,0
DA:145,0
DA:146,0
DA:147,0
DA:148,0
DA:154,0
DA:156,0
DA:160,0
DA:161,0
DA:162,0
DA:168,0
DA:169,0
DA:172,0
DA:173,0
DA:180,0
DA:181,0
DA:216,0
DA:220,0
DA:226,0
DA:272,0
DA:281,0
DA:322,0
DA:376,0
DA:406,0
DA:446,0
DA:461,0
DA:474,0
DA:483,0
DA:491,0
DA:499,0
DA:506,0
DA:518,0
DA:526,0
DA:535,0
DA:544,0
DA:553,0
DA:561,0
DA:565,0
DA:566,0
LF:78
LH:0
BRDA:94,0,0,0
BRDA:94,0,1,0
BRDA:96,1,0,0
BRDA:96,1,1,0
BRDA:97,2,0,0
BRDA:97,2,1,0
BRDA:98,3,0,0
BRDA:98,3,1,0
BRDA:116,4,0,0
BRDA:116,4,1,0
BRDA:119,5,0,0
BRDA:119,5,1,0
BRDA:119,6,0,0
BRDA:119,6,1,0
BRDA:122,7,0,0
BRDA:122,7,1,0
BRDA:122,8,0,0
BRDA:122,8,1,0
BRDA:126,9,0,0
BRDA:126,9,1,0
BRDA:133,10,0,0
BRDA:133,10,1,0
BRDA:154,11,0,0
BRDA:154,11,1,0
BRDA:161,12,0,0
BRDA:161,12,1,0
BRDA:163,13,0,0
BRDA:163,13,1,0
BRDA:164,14,0,0
BRDA:164,14,1,0
BRDA:165,15,0,0
BRDA:165,15,1,0
BRDA:180,16,0,0
BRDA:180,16,1,0
BRDA:180,17,0,0
BRDA:180,17,1,0
BRDA:219,18,0,0
BRDA:219,18,1,0
BRDA:225,19,0,0
BRDA:225,19,1,0
BRDA:244,20,0,0
BRDA:244,20,1,0
BRDA:247,21,0,0
BRDA:247,21,1,0
BRDA:249,22,0,0
BRDA:249,22,1,0
BRDA:266,23,0,0
BRDA:266,23,1,0
BRDA:298,24,0,0
BRDA:298,24,1,0
BRDA:341,25,0,0
BRDA:341,25,1,0
BRDA:369,26,0,0
BRDA:369,26,1,0
BRDA:382,27,0,0
BRDA:382,27,1,0
BRDA:398,28,0,0
BRDA:398,28,1,0
BRDA:420,29,0,0
BRDA:420,29,1,0
BRDA:500,30,0,0
BRDA:500,30,1,0
BRDA:500,30,2,0
BRDA:501,31,0,0
BRDA:501,31,1,0
BRDA:501,32,0,0
BRDA:501,32,1,0
BRDA:501,32,2,0
BRDA:510,33,0,0
BRDA:510,33,1,0
BRDA:510,33,2,0
BRDA:510,33,3,0
BRDA:512,34,0,0
BRDA:512,34,1,0
BRF:74
BRH:0
end_of_record
TN:
SF:src/pages/SearchPage.tsx
FN:8,(anonymous_0)
FNF:1
FNH:0
FNDA:0,(anonymous_0)
DA:8,0
DA:9,0
DA:10,0
DA:12,0
LF:4
LH:0
BRDA:10,0,0,0
BRDA:10,0,1,0
BRDA:19,1,0,0
BRDA:19,1,1,0
BRF:4
BRH:0
end_of_record
TN:
SF:src/pages/Auth/LoginPage.tsx
FN:47,(anonymous_0)
FN:70,(anonymous_1)
FN:87,(anonymous_2)
FN:91,(anonymous_3)
FN:156,(anonymous_4)
FN:175,(anonymous_5)
FN:216,(anonymous_6)
FNF:7
FNH:0
FNDA:0,(anonymous_0)
FNDA:0,(anonymous_1)
FNDA:0,(anonymous_2)
FNDA:0,(anonymous_3)
FNDA:0,(anonymous_4)
FNDA:0,(anonymous_5)
FNDA:0,(anonymous_6)
DA:29,0
DA:47,0
DA:48,0
DA:49,0
DA:50,0
DA:51,0
DA:52,0
DA:55,0
DA:61,0
DA:70,0
DA:71,0
DA:72,0
DA:73,0
DA:74,0
DA:76,0
DA:77,0
DA:78,0
DA:79,0
DA:80,0
DA:82,0
DA:87,0
DA:88,0
DA:91,0
DA:92,0
DA:95,0
DA:157,0
DA:176,0
DA:217,0
LF:28
LH:0
BRDA:55,0,0,0
BRDA:55,0,1,0
BRDA:77,1,0,0
BRDA:77,1,1,0
BRDA:79,2,0,0
BRDA:79,2,1,0
BRDA:145,3,0,0
BRDA:145,3,1,0
BRDA:167,4,0,0
BRDA:167,4,1,0
BRDA:180,5,0,0
BRDA:180,5,1,0
BRDA:185,6,0,0
BRDA:185,6,1,0
BRDA:195,7,0,0
BRDA:195,7,1,0
BRDA:222,8,0,0
BRDA:222,8,1,0
BRDA:245,9,0,0
BRDA:245,9,1,0
BRDA:252,10,0,0
BRDA:252,10,1,0
BRDA:252,11,0,0
BRDA:252,11,1,0
BRF:24
BRH:0
end_of_record
TN:
SF:src/pages/Auth/RegisterPage.tsx
FN:63,(anonymous_0)
FN:86,(anonymous_1)
FN:99,(anonymous_2)
FN:114,(anonymous_3)
FN:118,(anonymous_4)
FN:122,(anonymous_5)
FN:194,(anonymous_6)
FN:212,(anonymous_7)
FN:230,(anonymous_8)
FN:262,(anonymous_9)
FN:294,(anonymous_10)
FNF:11
FNH:0
FNDA:0,(anonymous_0)
FNDA:0,(anonymous_1)
FNDA:0,(anonymous_2)
FNDA:0,(anonymous_3)
FNDA:0,(anonymous_4)
FNDA:0,(anonymous_5)
FNDA:0,(anonymous_6)
FNDA:0,(anonymous_7)
FNDA:0,(anonymous_8)
FNDA:0,(anonymous_9)
FNDA:0,(anonymous_10)
DA:27,0
DA:63,0
DA:64,0
DA:65,0
DA:66,0
DA:67,0
DA:68,0
DA:69,0
DA:75,0
DA:86,0
DA:87,0
DA:88,0
DA:89,0
DA:91,0
DA:98,0
DA:99,0
DA:100,0
DA:103,0
DA:104,0
DA:105,0
DA:106,0
DA:107,0
DA:109,0
DA:114,0
DA:115,0
DA:118,0
DA:119,0
DA:122,0
DA:123,0
DA:126,0
DA:195,0
DA:213,0
DA:231,0
DA:263,0
DA:295,0
LF:35
LH:0
BRDA:95,0,0,0
BRDA:95,0,1,0
BRDA:104,1,0,0
BRDA:104,1,1,0
BRDA:106,2,0,0
BRDA:106,2,1,0
BRDA:176,3,0,0
BRDA:176,3,1,0
BRDA:183,4,0,0
BRDA:183,4,1,0
BRDA:204,5,0,0
BRDA:204,5,1,0
BRDA:222,6,0,0
BRDA:222,6,1,0
BRDA:235,7,0,0
BRDA:235,7,1,0
BRDA:240,8,0,0
BRDA:240,8,1,0
BRDA:250,9,0,0
BRDA:250,9,1,0
BRDA:267,10,0,0
BRDA:267,10,1,0
BRDA:272,11,0,0
BRDA:272,11,1,0
BRDA:282,12,0,0
BRDA:282,12,1,0
BRDA:305,13,0,0
BRDA:305,13,1,0
BRDA:315,14,0,0
BRDA:315,14,1,0
BRDA:322,15,0,0
BRDA:322,15,1,0
BRDA:322,16,0,0
BRDA:322,16,1,0
BRF:34
BRH:0
end_of_record
TN:
SF:src/services/api.ts
FN:21,(anonymous_0)
FN:31,(anonymous_1)
FN:38,(anonymous_2)
FN:45,(anonymous_3)
FN:46,(anonymous_4)
FN:62,(anonymous_5)
FN:67,(anonymous_6)
FN:72,(anonymous_7)
FN:77,(anonymous_8)
FN:82,(anonymous_9)
FN:86,(anonymous_10)
FN:91,(anonymous_11)
FN:96,(anonymous_12)
FN:105,(anonymous_13)
FN:112,(anonymous_14)
FN:117,(anonymous_15)
FN:122,(anonymous_16)
FN:129,(anonymous_17)
FN:136,(anonymous_18)
FN:143,(anonymous_19)
FN:150,(anonymous_20)
FN:155,(anonymous_21)
FN:160,(anonymous_22)
FN:165,(anonymous_23)
FN:173,(anonymous_24)
FN:180,(anonymous_25)
FN:187,(anonymous_26)
FN:194,(anonymous_27)
FN:203,(anonymous_28)
FN:210,(anonymous_29)
FN:218,(anonymous_30)
FN:225,(anonymous_31)
FN:232,(anonymous_32)
FN:240,(anonymous_33)
FN:248,(anonymous_34)
FN:254,(anonymous_35)
FN:258,(anonymous_36)
FNF:37
FNH:0
FNDA:0,(anonymous_0)
FNDA:0,(anonymous_1)
FNDA:0,(anonymous_2)
FNDA:0,(anonymous_3)
FNDA:0,(anonymous_4)
FNDA:0,(anonymous_5)
FNDA:0,(anonymous_6)
FNDA:0,(anonymous_7)
FNDA:0,(anonymous_8)
FNDA:0,(anonymous_9)
FNDA:0,(anonymous_10)
FNDA:0,(anonymous_11)
FNDA:0,(anonymous_12)
FNDA:0,(anonymous_13)
FNDA:0,(anonymous_14)
FNDA:0,(anonymous_15)
FNDA:0,(anonymous_16)
FNDA:0,(anonymous_17)
FNDA:0,(anonymous_18)
FNDA:0,(anonymous_19)
FNDA:0,(anonymous_20)
FNDA:0,(anonymous_21)
FNDA:0,(anonymous_22)
FNDA:0,(anonymous_23)
FNDA:0,(anonymous_24)
FNDA:0,(anonymous_25)
FNDA:0,(anonymous_26)
FNDA:0,(anonymous_27)
FNDA:0,(anonymous_28)
FNDA:0,(anonymous_29)
FNDA:0,(anonymous_30)
FNDA:0,(anonymous_31)
FNDA:0,(anonymous_32)
FNDA:0,(anonymous_33)
FNDA:0,(anonymous_34)
FNDA:0,(anonymous_35)
FNDA:0,(anonymous_36)
DA:22,0
DA:30,0
DA:32,0
DA:33,0
DA:34,0
DA:36,0
DA:39,0
DA:44,0
DA:45,0
DA:47,0
DA:49,0
DA:50,0
DA:51,0
DA:52,0
DA:53,0
DA:56,0
DA:63,0
DA:64,0
DA:68,0
DA:69,0
DA:73,0
DA:74,0
DA:78,0
DA:79,0
DA:83,0
DA:87,0
DA:88,0
DA:92,0
DA:93,0
DA:97,0
DA:101,0
DA:106,0
DA:109,0
DA:113,0
DA:114,0
DA:118,0
DA:119,0
DA:123,0
DA:126,0
DA:130,0
DA:133,0
DA:137,0
DA:140,0
DA:144,0
DA:147,0
DA:151,0
DA:152,0
DA:156,0
DA:157,0
DA:161,0
DA:162,0
DA:166,0
DA:169,0
DA:174,0
DA:177,0
DA:181,0
DA:184,0
DA:188,0
DA:191,0
DA:195,0
DA:199,0
DA:204,0
DA:207,0
DA:211,0
DA:215,0
DA:219,0
DA:222,0
DA:226,0
DA:229,0
DA:233,0
DA:237,0
DA:241,0
DA:245,0
DA:249,0
DA:250,0
DA:255,0
DA:259,0
DA:263,0
LF:78
LH:0
BRDA:33,0,0,0
BRDA:33,0,1,0
BRDA:47,1,0,0
BRDA:47,1,1,0
BRDA:49,2,0,0
BRDA:49,2,1,0
BRDA:50,3,0,0
BRDA:50,3,1,0
BRDA:50,4,0,0
BRDA:50,4,1,0
BRDA:105,5,0,0
BRDA:105,6,0,0
BRDA:105,7,0,0
BRDA:105,8,0,0
BRDA:122,9,0,0
BRDA:122,10,0,0
BRDA:129,11,0,0
BRDA:136,12,0,0
BRDA:143,13,0,0
BRDA:165,14,0,0
BRDA:165,15,0,0
BRDA:173,16,0,0
BRDA:180,17,0,0
BRDA:187,18,0,0
BRDA:203,19,0,0
BRDA:203,20,0,0
BRDA:218,21,0,0
BRDA:218,22,0,0
BRDA:225,23,0,0
BRDA:225,24,0,0
BRF:30
BRH:0
end_of_record
TN:
SF:src/theme/index.ts
FNF:0
FNH:0
DA:6,0
DA:75,0
DA:163,0
DA:339,0
DA:367,0
DA:370,0
LF:6
LH:0
BRF:0
BRH:0
end_of_record
TN:
SF:src/types/index.ts
FNF:0
FNH:0
LF:0
LH:0
BRF:0
BRH:0
end_of_record
